<?xml version="1.0" encoding="UTF-8"?>
<testsuite name="org.apache.calcite.linq4j.test.Linq4jTest" time="0.524" tests="115" errors="0" skipped="0" failures="0">
  <properties>
    <property name="java.runtime.name" value="Java(TM) SE Runtime Environment"/>
    <property name="sun.boot.library.path" value="C:\Program Files\Java\jdk1.8.0_111\jre\bin"/>
    <property name="java.vm.version" value="25.111-b14"/>
    <property name="user.country.format" value="HR"/>
    <property name="java.vm.vendor" value="Oracle Corporation"/>
    <property name="maven.multiModuleProjectDirectory" value="C:\Users\DELL.DELL-PC\Desktop\Projekt\Kod\apache-calcite-1.10.0-src"/>
    <property name="java.vendor.url" value="http://java.oracle.com/"/>
    <property name="path.separator" value=";"/>
    <property name="guice.disable.misplaced.annotation.check" value="true"/>
    <property name="java.vm.name" value="Java HotSpot(TM) 64-Bit Server VM"/>
    <property name="file.encoding.pkg" value="sun.io"/>
    <property name="user.script" value=""/>
    <property name="user.country" value="US"/>
    <property name="sun.java.launcher" value="SUN_STANDARD"/>
    <property name="sun.os.patch.level" value="Service Pack 1"/>
    <property name="java.vm.specification.name" value="Java Virtual Machine Specification"/>
    <property name="user.dir" value="C:\Users\DELL.DELL-PC\Desktop\Projekt\Kod\apache-calcite-1.10.0-src\linq4j"/>
    <property name="forkCount" value="0"/>
    <property name="java.runtime.version" value="1.8.0_111-b14"/>
    <property name="java.awt.graphicsenv" value="sun.awt.Win32GraphicsEnvironment"/>
    <property name="basedir" value="C:\Users\DELL.DELL-PC\Desktop\Projekt\Kod\apache-calcite-1.10.0-src\linq4j"/>
    <property name="java.endorsed.dirs" value="C:\Program Files\Java\jdk1.8.0_111\jre\lib\endorsed"/>
    <property name="os.arch" value="amd64"/>
    <property name="java.io.tmpdir" value="C:\Users\DELL~1.DEL\AppData\Local\Temp\"/>
    <property name="line.separator" value="&#10;"/>
    <property name="java.vm.specification.vendor" value="Oracle Corporation"/>
    <property name="user.variant" value=""/>
    <property name="os.name" value="Windows 7"/>
    <property name="classworlds.conf" value="C:\Users\DELL.DELL-PC\Desktop\Projekt\Projekt\.metadata\.plugins\org.eclipse.m2e.launching\launches\m2conf8814765529561049191.tmp"/>
    <property name="sun.jnu.encoding" value="Cp1250"/>
    <property name="java.library.path" value="C:\Program Files\Java\jdk1.8.0_111\bin;C:\Windows\Sun\Java\bin;C:\Windows\system32;C:\Windows;C:\Program Files\Java\jdk1.8.0_111\jre\bin;C:/Program Files/Java/jre1.8.0_111/bin/server;C:/Program Files/Java/jre1.8.0_111/bin;C:/Program Files/Java/jre1.8.0_111/lib/amd64;C:\ProgramData\Oracle\Java\javapath;C:\oraclexe\app\oracle\product\11.2.0\server\bin;C:\Program Files (x86)\NVIDIA Corporation\PhysX\Common;C:\Windows\system32;C:\Windows;C:\Windows\System32\Wbem;C:\Windows\System32\WindowsPowerShell\v1.0\;C:\Program Files\Intel\WiFi\bin\;C:\Program Files\Common Files\Intel\WirelessCommon\;C:\Program Files (x86)\MATLAB\R2013a\runtime\win32;C:\Program Files (x86)\MATLAB\R2013a\bin;C:\Users\DELL.DELL-PC\Desktop\eclipse\apache-maven-3.3.3\bin;C:\Program Files\Git\cmd  ;C:\MinGW\bin;C:\msys\1.0\bin;C:\MinGW\msys\1.0\bin ;C:\Program Files (x86)\RemObjects Software\Elements\bin;C:\Dwimperl\perl\bin;C:\Dwimperl\perl\site\bin;C:\Dwimperl\c\bin;C:\Program Files\ActivIdentity\ActivClient\;C:\Users\DELL.DELL-PC\AppData\Local\Programs\Python\Python35-32\Scripts\;C:\Users\DELL.DELL-PC\AppData\Local\Programs\Python\Python35-32\;C:\Program Files\Intel\WiFi\bin\;C:\Program Files\Common Files\Intel\WirelessCommon\;C:\Users\DELL.DELL-PC\Desktop\eclipse;;."/>
    <property name="surefire.test.class.path" value="C:\Users\DELL.DELL-PC\Desktop\Projekt\Kod\apache-calcite-1.10.0-src\linq4j\target\test-classes;C:\Users\DELL.DELL-PC\Desktop\Projekt\Kod\apache-calcite-1.10.0-src\linq4j\target\classes;C:\Users\DELL.DELL-PC\.m2\repository\com\google\guava\guava\18.0\guava-18.0.jar;C:\Users\DELL.DELL-PC\.m2\repository\org\hamcrest\hamcrest-core\1.3\hamcrest-core-1.3.jar;C:\Users\DELL.DELL-PC\.m2\repository\junit\junit\4.12\junit-4.12.jar;"/>
    <property name="java.specification.name" value="Java Platform API Specification"/>
    <property name="java.class.version" value="52.0"/>
    <property name="sun.management.compiler" value="HotSpot 64-Bit Tiered Compilers"/>
    <property name="os.version" value="6.1"/>
    <property name="user.home" value="C:\Users\DELL.DELL-PC"/>
    <property name="user.timezone" value="Europe/Belgrade"/>
    <property name="java.awt.printerjob" value="sun.awt.windows.WPrinterJob"/>
    <property name="java.specification.version" value="1.8"/>
    <property name="file.encoding" value="Cp1250"/>
    <property name="user.name" value="DELL"/>
    <property name="java.class.path" value="/C:/Users/DELL.DELL-PC/Desktop/eclipse/plugins/org.eclipse.m2e.maven.runtime_1.6.2.20150902-0001/jars/plexus-classworlds-2.5.2.jar"/>
    <property name="maven.surefire.debug" value="true"/>
    <property name="java.vm.specification.version" value="1.8"/>
    <property name="sun.arch.data.model" value="64"/>
    <property name="java.home" value="C:\Program Files\Java\jdk1.8.0_111\jre"/>
    <property name="sun.java.command" value="org.codehaus.plexus.classworlds.launcher.Launcher -DforkCount=0 -B -Dmaven.surefire.debug test"/>
    <property name="java.specification.vendor" value="Oracle Corporation"/>
    <property name="user.language" value="en"/>
    <property name="user.language.format" value="hr"/>
    <property name="awt.toolkit" value="sun.awt.windows.WToolkit"/>
    <property name="java.vm.info" value="mixed mode"/>
    <property name="java.version" value="1.8.0_111"/>
    <property name="java.ext.dirs" value="C:\Program Files\Java\jdk1.8.0_111\jre\lib\ext;C:\Windows\Sun\Java\lib\ext"/>
    <property name="sun.boot.class.path" value="C:\Program Files\Java\jdk1.8.0_111\jre\lib\resources.jar;C:\Program Files\Java\jdk1.8.0_111\jre\lib\rt.jar;C:\Program Files\Java\jdk1.8.0_111\jre\lib\sunrsasign.jar;C:\Program Files\Java\jdk1.8.0_111\jre\lib\jsse.jar;C:\Program Files\Java\jdk1.8.0_111\jre\lib\jce.jar;C:\Program Files\Java\jdk1.8.0_111\jre\lib\charsets.jar;C:\Program Files\Java\jdk1.8.0_111\jre\lib\jfr.jar;C:\Program Files\Java\jdk1.8.0_111\jre\classes"/>
    <property name="java.vendor" value="Oracle Corporation"/>
    <property name="maven.home" value="C:\Users\DELL.DELL-PC\Desktop\Projekt\Kod\apache-calcite-1.10.0-src\EMBEDDED"/>
    <property name="localRepository" value="C:\Users\DELL.DELL-PC\.m2\repository"/>
    <property name="file.separator" value="\"/>
    <property name="java.vendor.url.bug" value="http://bugreport.sun.com/bugreport/"/>
    <property name="sun.cpu.endian" value="little"/>
    <property name="sun.io.unicode.encoding" value="UnicodeLittle"/>
    <property name="sun.desktop" value="windows"/>
    <property name="sun.cpu.isalist" value="amd64"/>
  </properties>
  <testcase name="testSingleOrDefault" classname="org.apache.calcite.linq4j.test.Linq4jTest" time="0.031"/>
  <testcase name="testSingleOrDefaultPredicate1" classname="org.apache.calcite.linq4j.test.Linq4jTest" time="0.002"/>
  <testcase name="testMaxSelector2" classname="org.apache.calcite.linq4j.test.Linq4jTest" time="0.02"/>
  <testcase name="testTakeEnumerableGreaterThanLength" classname="org.apache.calcite.linq4j.test.Linq4jTest" time="0.004"/>
  <testcase name="testWhereIndexed" classname="org.apache.calcite.linq4j.test.Linq4jTest" time="0.007"/>
  <testcase name="testSingletonNullEnumerator" classname="org.apache.calcite.linq4j.test.Linq4jTest" time="0.005"/>
  <testcase name="testGroupByWithKeySelectorAndElementSelectorAndResultSelector" classname="org.apache.calcite.linq4j.test.Linq4jTest" time="0.009"/>
  <testcase name="testLeftJoin" classname="org.apache.calcite.linq4j.test.Linq4jTest" time="0.012"/>
  <testcase name="testDefaultIfEmpty" classname="org.apache.calcite.linq4j.test.Linq4jTest" time="0.006"/>
  <testcase name="testFirstOrDefaultPredicate1" classname="org.apache.calcite.linq4j.test.Linq4jTest" time="0.005"/>
  <testcase name="testDefaultIfEmpty2" classname="org.apache.calcite.linq4j.test.Linq4jTest" time="0.001"/>
  <testcase name="testGroupByWithKeySelectorAndResultSelector" classname="org.apache.calcite.linq4j.test.Linq4jTest" time="0.004"/>
  <testcase name="testMaxSelector" classname="org.apache.calcite.linq4j.test.Linq4jTest" time="0.007"/>
  <testcase name="testTakeWhileN" classname="org.apache.calcite.linq4j.test.Linq4jTest" time="0.037"/>
  <testcase name="testExample" classname="org.apache.calcite.linq4j.test.Linq4jTest" time="0.035"/>
  <testcase name="testApproxConstant" classname="org.apache.calcite.linq4j.test.Linq4jTest" time="0.005"/>
  <testcase name="testElementAtWithoutList" classname="org.apache.calcite.linq4j.test.Linq4jTest" time="0"/>
  <testcase name="testTakeWhileEnumerableFunction" classname="org.apache.calcite.linq4j.test.Linq4jTest" time="0.002"/>
  <testcase name="testMinSelector2" classname="org.apache.calcite.linq4j.test.Linq4jTest" time="0"/>
  <testcase name="testIterableCast" classname="org.apache.calcite.linq4j.test.Linq4jTest" time="0.003"/>
  <testcase name="testOrderBy" classname="org.apache.calcite.linq4j.test.Linq4jTest" time="0"/>
  <testcase name="testTakeEnumerable" classname="org.apache.calcite.linq4j.test.Linq4jTest" time="0"/>
  <testcase name="testGroupByWithKeySelectorAndComparer" classname="org.apache.calcite.linq4j.test.Linq4jTest" time="0.035"/>
  <testcase name="testTransformEnumerator" classname="org.apache.calcite.linq4j.test.Linq4jTest" time="0.025"/>
  <testcase name="testAny" classname="org.apache.calcite.linq4j.test.Linq4jTest" time="0"/>
  <testcase name="testMax" classname="org.apache.calcite.linq4j.test.Linq4jTest" time="0"/>
  <testcase name="testMin" classname="org.apache.calcite.linq4j.test.Linq4jTest" time="0"/>
  <testcase name="testZip" classname="org.apache.calcite.linq4j.test.Linq4jTest" time="0.028"/>
  <testcase name="testSequenceEqualWithoutCollection" classname="org.apache.calcite.linq4j.test.Linq4jTest" time="0.011"/>
  <testcase name="testSinglePredicate1" classname="org.apache.calcite.linq4j.test.Linq4jTest" time="0.002"/>
  <testcase name="testSingletonEnumerable" classname="org.apache.calcite.linq4j.test.Linq4jTest" time="0"/>
  <testcase name="testSingletonEnumerator" classname="org.apache.calcite.linq4j.test.Linq4jTest" time="0"/>
  <testcase name="testToLookup" classname="org.apache.calcite.linq4j.test.Linq4jTest" time="0.004"/>
  <testcase name="testCount" classname="org.apache.calcite.linq4j.test.Linq4jTest" time="0"/>
  <testcase name="testFirst" classname="org.apache.calcite.linq4j.test.Linq4jTest" time="0.002"/>
  <testcase name="testList0" classname="org.apache.calcite.linq4j.test.Linq4jTest" time="0.005"/>
  <testcase name="testList2" classname="org.apache.calcite.linq4j.test.Linq4jTest" time="0.019"/>
  <testcase name="testToMap" classname="org.apache.calcite.linq4j.test.Linq4jTest" time="0.001"/>
  <testcase name="testUnion" classname="org.apache.calcite.linq4j.test.Linq4jTest" time="0"/>
  <testcase name="testGroupByWithKeySelectorAndResultSelectorAndComparer" classname="org.apache.calcite.linq4j.test.Linq4jTest" time="0.016"/>
  <testcase name="testWhere" classname="org.apache.calcite.linq4j.test.Linq4jTest" time="0.002"/>
  <testcase name="testCast" classname="org.apache.calcite.linq4j.test.Linq4jTest" time="0"/>
  <testcase name="testJoin" classname="org.apache.calcite.linq4j.test.Linq4jTest" time="0.014"/>
  <testcase name="testLast" classname="org.apache.calcite.linq4j.test.Linq4jTest" time="0"/>
  <testcase name="testList" classname="org.apache.calcite.linq4j.test.Linq4jTest" time="0.003"/>
  <testcase name="testTake" classname="org.apache.calcite.linq4j.test.Linq4jTest" time="0"/>
  <testcase name="testSelectManyWithResultSelector" classname="org.apache.calcite.linq4j.test.Linq4jTest" time="0.015"/>
  <testcase name="testAnyPredicate" classname="org.apache.calcite.linq4j.test.Linq4jTest" time="0.001"/>
  <testcase name="testSkip" classname="org.apache.calcite.linq4j.test.Linq4jTest" time="0.008"/>
  <testcase name="testLastWithPredicate" classname="org.apache.calcite.linq4j.test.Linq4jTest" time="0.007"/>
  <testcase name="testToLookupSelector" classname="org.apache.calcite.linq4j.test.Linq4jTest" time="0.003"/>
  <testcase name="testElementAtOrDefault" classname="org.apache.calcite.linq4j.test.Linq4jTest" time="0"/>
  <testcase name="testElementAtOrDefaultWithoutList" classname="org.apache.calcite.linq4j.test.Linq4jTest" time="0.001"/>
  <testcase name="testRightJoin" classname="org.apache.calcite.linq4j.test.Linq4jTest" time="0"/>
  <testcase name="testTakeWhileEnumerablePredicate" classname="org.apache.calcite.linq4j.test.Linq4jTest" time="0.002"/>
  <testcase name="testGroupJoin" classname="org.apache.calcite.linq4j.test.Linq4jTest" time="0.004"/>
  <testcase name="testCountPredicate" classname="org.apache.calcite.linq4j.test.Linq4jTest" time="0.001"/>
  <testcase name="testTakeQueryableZeroOrNegativeSize" classname="org.apache.calcite.linq4j.test.Linq4jTest" time="0"/>
  <testcase name="testGroupByWithKeySelectorAndElementSelectorAndResultSelectorAndComparer" classname="org.apache.calcite.linq4j.test.Linq4jTest" time="0.005"/>
  <testcase name="testSequenceEqualWithComparerWithoutCollection" classname="org.apache.calcite.linq4j.test.Linq4jTest" time="0.006"/>
  <testcase name="testCartesianProductEnumerator" classname="org.apache.calcite.linq4j.test.Linq4jTest" time="0.003"/>
  <testcase name="testTakeWhileQueryableFunctionExpressionPredicate" classname="org.apache.calcite.linq4j.test.Linq4jTest" time="0.004"/>
  <testcase name="testContainsWithEqualityComparer" classname="org.apache.calcite.linq4j.test.Linq4jTest" time="0.002"/>
  <testcase name="testOrderByDescending" classname="org.apache.calcite.linq4j.test.Linq4jTest" time="0.001"/>
  <testcase name="testOrderByComparator" classname="org.apache.calcite.linq4j.test.Linq4jTest" time="0.001"/>
  <testcase name="testGroupBy" classname="org.apache.calcite.linq4j.test.Linq4jTest" time="0.003"/>
  <testcase name="testOrderByInSeries" classname="org.apache.calcite.linq4j.test.Linq4jTest" time="0"/>
  <testcase name="testGroupByWithKeySelectorAndElementSelectorAndComparer" classname="org.apache.calcite.linq4j.test.Linq4jTest" time="0.003"/>
  <testcase name="testJoinCartesianProduct" classname="org.apache.calcite.linq4j.test.Linq4jTest" time="0"/>
  <testcase name="testLastWithoutList" classname="org.apache.calcite.linq4j.test.Linq4jTest" time="0"/>
  <testcase name="testContains" classname="org.apache.calcite.linq4j.test.Linq4jTest" time="0"/>
  <testcase name="testEmptyEnumerable" classname="org.apache.calcite.linq4j.test.Linq4jTest" time="0"/>
  <testcase name="testAsQueryable" classname="org.apache.calcite.linq4j.test.Linq4jTest" time="0.01"/>
  <testcase name="testTakeEnumerableZeroOrNegativeSize" classname="org.apache.calcite.linq4j.test.Linq4jTest" time="0"/>
  <testcase name="testTakeQueryable" classname="org.apache.calcite.linq4j.test.Linq4jTest" time="0"/>
  <testcase name="testElementAt" classname="org.apache.calcite.linq4j.test.Linq4jTest" time="0.001"/>
  <testcase name="testAggregate2" classname="org.apache.calcite.linq4j.test.Linq4jTest" time="0.008"/>
  <testcase name="testDistinctWithEqualityComparer" classname="org.apache.calcite.linq4j.test.Linq4jTest" time="0.005"/>
  <testcase name="testSelectorEqualityComparer" classname="org.apache.calcite.linq4j.test.Linq4jTest" time="0.002"/>
  <testcase name="testSelectManyWithIndexableSelectorAndResultSelector" classname="org.apache.calcite.linq4j.test.Linq4jTest" time="0.011"/>
  <testcase name="testAverageSelector" classname="org.apache.calcite.linq4j.test.Linq4jTest" time="0"/>
  <testcase name="testReverse" classname="org.apache.calcite.linq4j.test.Linq4jTest" time="0"/>
  <testcase name="testLongCount" classname="org.apache.calcite.linq4j.test.Linq4jTest" time="0"/>
  <testcase name="testAllPredicate" classname="org.apache.calcite.linq4j.test.Linq4jTest" time="0.002"/>
  <testcase name="testSelectManyWithIndexableSelector" classname="org.apache.calcite.linq4j.test.Linq4jTest" time="0.006"/>
  <testcase name="testAggregate" classname="org.apache.calcite.linq4j.test.Linq4jTest" time="0"/>
  <testcase name="testTakeQueryableGreaterThanLength" classname="org.apache.calcite.linq4j.test.Linq4jTest" time="0"/>
  <testcase name="testDistinct" classname="org.apache.calcite.linq4j.test.Linq4jTest" time="0"/>
  <testcase name="testSequenceEqual" classname="org.apache.calcite.linq4j.test.Linq4jTest" time="0"/>
  <testcase name="testToMapWithComparer" classname="org.apache.calcite.linq4j.test.Linq4jTest" time="0.003"/>
  <testcase name="testIntersect" classname="org.apache.calcite.linq4j.test.Linq4jTest" time="0.001"/>
  <testcase name="testFirstPredicate1" classname="org.apache.calcite.linq4j.test.Linq4jTest" time="0.002"/>
  <testcase name="testFirstOrDefault" classname="org.apache.calcite.linq4j.test.Linq4jTest" time="0"/>
  <testcase name="testConcat" classname="org.apache.calcite.linq4j.test.Linq4jTest" time="0"/>
  <testcase name="testExcept" classname="org.apache.calcite.linq4j.test.Linq4jTest" time="0"/>
  <testcase name="testLastOrDefaultWithPredicate" classname="org.apache.calcite.linq4j.test.Linq4jTest" time="0.007"/>
  <testcase name="testLastOrDefault" classname="org.apache.calcite.linq4j.test.Linq4jTest" time="0"/>
  <testcase name="testIdentityEqualityComparer" classname="org.apache.calcite.linq4j.test.Linq4jTest" time="0"/>
  <testcase name="testGroupByWithKeySelector" classname="org.apache.calcite.linq4j.test.Linq4jTest" time="0.003"/>
  <testcase name="testIterableOfType" classname="org.apache.calcite.linq4j.test.Linq4jTest" time="0.002"/>
  <testcase name="testGroupJoinWithComparer" classname="org.apache.calcite.linq4j.test.Linq4jTest" time="0.007"/>
  <testcase name="testGroupByWithKeySelectorAndElementSelector" classname="org.apache.calcite.linq4j.test.Linq4jTest" time="0.002"/>
  <testcase name="testOfType" classname="org.apache.calcite.linq4j.test.Linq4jTest" time="0"/>
  <testcase name="testSelect" classname="org.apache.calcite.linq4j.test.Linq4jTest" time="0"/>
  <testcase name="testSingle" classname="org.apache.calcite.linq4j.test.Linq4jTest" time="0.001"/>
  <testcase name="testToMap2" classname="org.apache.calcite.linq4j.test.Linq4jTest" time="0"/>
  <testcase name="testZipLengthNotMatch" classname="org.apache.calcite.linq4j.test.Linq4jTest" time="0.001"/>
  <testcase name="testToMap2WithComparer" classname="org.apache.calcite.linq4j.test.Linq4jTest" time="0.003"/>
  <testcase name="testMinSelector" classname="org.apache.calcite.linq4j.test.Linq4jTest" time="0.001"/>
  <testcase name="testSelectMany" classname="org.apache.calcite.linq4j.test.Linq4jTest" time="0.006"/>
  <testcase name="testLongCountPredicate" classname="org.apache.calcite.linq4j.test.Linq4jTest" time="0.002"/>
  <testcase name="testFullJoin" classname="org.apache.calcite.linq4j.test.Linq4jTest" time="0.001"/>
  <testcase name="testSequenceEqualWithComparer" classname="org.apache.calcite.linq4j.test.Linq4jTest" time="0.001"/>
  <testcase name="testToLookupSelectorComparer" classname="org.apache.calcite.linq4j.test.Linq4jTest" time="0.004"/>
  <testcase name="testTakeWhileNNoMatch" classname="org.apache.calcite.linq4j.test.Linq4jTest" time="0"/>
</testsuite>