<?xml version="1.0" encoding="UTF-8"?>
<testsuite name="org.apache.calcite.linq4j.test.OptimizerTest" time="0.04" tests="80" errors="0" skipped="0" failures="0">
  <properties>
    <property name="java.runtime.name" value="Java(TM) SE Runtime Environment"/>
    <property name="sun.boot.library.path" value="C:\Program Files\Java\jdk1.8.0_111\jre\bin"/>
    <property name="java.vm.version" value="25.111-b14"/>
    <property name="user.country.format" value="HR"/>
    <property name="java.vm.vendor" value="Oracle Corporation"/>
    <property name="maven.multiModuleProjectDirectory" value="C:\Users\DELL.DELL-PC\Desktop\Projekt\Kod\apache-calcite-1.10.0-src"/>
    <property name="java.vendor.url" value="http://java.oracle.com/"/>
    <property name="path.separator" value=";"/>
    <property name="guice.disable.misplaced.annotation.check" value="true"/>
    <property name="java.vm.name" value="Java HotSpot(TM) 64-Bit Server VM"/>
    <property name="file.encoding.pkg" value="sun.io"/>
    <property name="user.script" value=""/>
    <property name="user.country" value="US"/>
    <property name="sun.java.launcher" value="SUN_STANDARD"/>
    <property name="sun.os.patch.level" value="Service Pack 1"/>
    <property name="java.vm.specification.name" value="Java Virtual Machine Specification"/>
    <property name="user.dir" value="C:\Users\DELL.DELL-PC\Desktop\Projekt\Kod\apache-calcite-1.10.0-src\linq4j"/>
    <property name="forkCount" value="0"/>
    <property name="java.runtime.version" value="1.8.0_111-b14"/>
    <property name="java.awt.graphicsenv" value="sun.awt.Win32GraphicsEnvironment"/>
    <property name="basedir" value="C:\Users\DELL.DELL-PC\Desktop\Projekt\Kod\apache-calcite-1.10.0-src\linq4j"/>
    <property name="java.endorsed.dirs" value="C:\Program Files\Java\jdk1.8.0_111\jre\lib\endorsed"/>
    <property name="os.arch" value="amd64"/>
    <property name="java.io.tmpdir" value="C:\Users\DELL~1.DEL\AppData\Local\Temp\"/>
    <property name="line.separator" value="&#10;"/>
    <property name="java.vm.specification.vendor" value="Oracle Corporation"/>
    <property name="user.variant" value=""/>
    <property name="os.name" value="Windows 7"/>
    <property name="classworlds.conf" value="C:\Users\DELL.DELL-PC\Desktop\Projekt\Projekt\.metadata\.plugins\org.eclipse.m2e.launching\launches\m2conf8814765529561049191.tmp"/>
    <property name="sun.jnu.encoding" value="Cp1250"/>
    <property name="java.library.path" value="C:\Program Files\Java\jdk1.8.0_111\bin;C:\Windows\Sun\Java\bin;C:\Windows\system32;C:\Windows;C:\Program Files\Java\jdk1.8.0_111\jre\bin;C:/Program Files/Java/jre1.8.0_111/bin/server;C:/Program Files/Java/jre1.8.0_111/bin;C:/Program Files/Java/jre1.8.0_111/lib/amd64;C:\ProgramData\Oracle\Java\javapath;C:\oraclexe\app\oracle\product\11.2.0\server\bin;C:\Program Files (x86)\NVIDIA Corporation\PhysX\Common;C:\Windows\system32;C:\Windows;C:\Windows\System32\Wbem;C:\Windows\System32\WindowsPowerShell\v1.0\;C:\Program Files\Intel\WiFi\bin\;C:\Program Files\Common Files\Intel\WirelessCommon\;C:\Program Files (x86)\MATLAB\R2013a\runtime\win32;C:\Program Files (x86)\MATLAB\R2013a\bin;C:\Users\DELL.DELL-PC\Desktop\eclipse\apache-maven-3.3.3\bin;C:\Program Files\Git\cmd  ;C:\MinGW\bin;C:\msys\1.0\bin;C:\MinGW\msys\1.0\bin ;C:\Program Files (x86)\RemObjects Software\Elements\bin;C:\Dwimperl\perl\bin;C:\Dwimperl\perl\site\bin;C:\Dwimperl\c\bin;C:\Program Files\ActivIdentity\ActivClient\;C:\Users\DELL.DELL-PC\AppData\Local\Programs\Python\Python35-32\Scripts\;C:\Users\DELL.DELL-PC\AppData\Local\Programs\Python\Python35-32\;C:\Program Files\Intel\WiFi\bin\;C:\Program Files\Common Files\Intel\WirelessCommon\;C:\Users\DELL.DELL-PC\Desktop\eclipse;;."/>
    <property name="surefire.test.class.path" value="C:\Users\DELL.DELL-PC\Desktop\Projekt\Kod\apache-calcite-1.10.0-src\linq4j\target\test-classes;C:\Users\DELL.DELL-PC\Desktop\Projekt\Kod\apache-calcite-1.10.0-src\linq4j\target\classes;C:\Users\DELL.DELL-PC\.m2\repository\com\google\guava\guava\18.0\guava-18.0.jar;C:\Users\DELL.DELL-PC\.m2\repository\org\hamcrest\hamcrest-core\1.3\hamcrest-core-1.3.jar;C:\Users\DELL.DELL-PC\.m2\repository\junit\junit\4.12\junit-4.12.jar;"/>
    <property name="java.specification.name" value="Java Platform API Specification"/>
    <property name="java.class.version" value="52.0"/>
    <property name="sun.management.compiler" value="HotSpot 64-Bit Tiered Compilers"/>
    <property name="os.version" value="6.1"/>
    <property name="user.home" value="C:\Users\DELL.DELL-PC"/>
    <property name="user.timezone" value="Europe/Belgrade"/>
    <property name="java.awt.printerjob" value="sun.awt.windows.WPrinterJob"/>
    <property name="java.specification.version" value="1.8"/>
    <property name="file.encoding" value="Cp1250"/>
    <property name="user.name" value="DELL"/>
    <property name="java.class.path" value="/C:/Users/DELL.DELL-PC/Desktop/eclipse/plugins/org.eclipse.m2e.maven.runtime_1.6.2.20150902-0001/jars/plexus-classworlds-2.5.2.jar"/>
    <property name="maven.surefire.debug" value="true"/>
    <property name="java.vm.specification.version" value="1.8"/>
    <property name="sun.arch.data.model" value="64"/>
    <property name="java.home" value="C:\Program Files\Java\jdk1.8.0_111\jre"/>
    <property name="sun.java.command" value="org.codehaus.plexus.classworlds.launcher.Launcher -DforkCount=0 -B -Dmaven.surefire.debug test"/>
    <property name="java.specification.vendor" value="Oracle Corporation"/>
    <property name="user.language" value="en"/>
    <property name="user.language.format" value="hr"/>
    <property name="awt.toolkit" value="sun.awt.windows.WToolkit"/>
    <property name="java.vm.info" value="mixed mode"/>
    <property name="java.version" value="1.8.0_111"/>
    <property name="java.ext.dirs" value="C:\Program Files\Java\jdk1.8.0_111\jre\lib\ext;C:\Windows\Sun\Java\lib\ext"/>
    <property name="sun.boot.class.path" value="C:\Program Files\Java\jdk1.8.0_111\jre\lib\resources.jar;C:\Program Files\Java\jdk1.8.0_111\jre\lib\rt.jar;C:\Program Files\Java\jdk1.8.0_111\jre\lib\sunrsasign.jar;C:\Program Files\Java\jdk1.8.0_111\jre\lib\jsse.jar;C:\Program Files\Java\jdk1.8.0_111\jre\lib\jce.jar;C:\Program Files\Java\jdk1.8.0_111\jre\lib\charsets.jar;C:\Program Files\Java\jdk1.8.0_111\jre\lib\jfr.jar;C:\Program Files\Java\jdk1.8.0_111\jre\classes"/>
    <property name="java.vendor" value="Oracle Corporation"/>
    <property name="maven.home" value="C:\Users\DELL.DELL-PC\Desktop\Projekt\Kod\apache-calcite-1.10.0-src\EMBEDDED"/>
    <property name="localRepository" value="C:\Users\DELL.DELL-PC\.m2\repository"/>
    <property name="file.separator" value="\"/>
    <property name="java.vendor.url.bug" value="http://bugreport.sun.com/bugreport/"/>
    <property name="sun.cpu.endian" value="little"/>
    <property name="sun.io.unicode.encoding" value="UnicodeLittle"/>
    <property name="sun.desktop" value="windows"/>
    <property name="sun.cpu.isalist" value="amd64"/>
  </properties>
  <testcase name="testAndAlsoBoolTrue" classname="org.apache.calcite.linq4j.test.OptimizerTest" time="0.002"/>
  <testcase name="testConditionalIfTrue" classname="org.apache.calcite.linq4j.test.OptimizerTest" time="0"/>
  <testcase name="testNotEqualPrimitiveNull" classname="org.apache.calcite.linq4j.test.OptimizerTest" time="0.014"/>
  <testcase name="testEqualTypedNullUntypedNull" classname="org.apache.calcite.linq4j.test.OptimizerTest" time="0.014"/>
  <testcase name="testOptimizeTernaryAlwaysSame" classname="org.apache.calcite.linq4j.test.OptimizerTest" time="0.001"/>
  <testcase name="testNotFalse" classname="org.apache.calcite.linq4j.test.OptimizerTest" time="0"/>
  <testcase name="testOptimizeTernaryAlwaysTrue" classname="org.apache.calcite.linq4j.test.OptimizerTest" time="0"/>
  <testcase name="testOrElseNullBool" classname="org.apache.calcite.linq4j.test.OptimizerTest" time="0"/>
  <testcase name="testEqualObjectNull" classname="org.apache.calcite.linq4j.test.OptimizerTest" time="0"/>
  <testcase name="testEqualSameExpr" classname="org.apache.calcite.linq4j.test.OptimizerTest" time="0"/>
  <testcase name="testEqualBoolTrue" classname="org.apache.calcite.linq4j.test.OptimizerTest" time="0.001"/>
  <testcase name="testOptimizeTernaryAtrueNull" classname="org.apache.calcite.linq4j.test.OptimizerTest" time="0"/>
  <testcase name="testAndAlsoNullBool" classname="org.apache.calcite.linq4j.test.OptimizerTest" time="0"/>
  <testcase name="testNotEqualObjectNull" classname="org.apache.calcite.linq4j.test.OptimizerTest" time="0"/>
  <testcase name="testEqualPrimitiveNull" classname="org.apache.calcite.linq4j.test.OptimizerTest" time="0"/>
  <testcase name="testOptimizeTernaryRotateEqualFalse" classname="org.apache.calcite.linq4j.test.OptimizerTest" time="0"/>
  <testcase name="testNotEqualDifferentExpr" classname="org.apache.calcite.linq4j.test.OptimizerTest" time="0.001"/>
  <testcase name="testCastIntToLong" classname="org.apache.calcite.linq4j.test.OptimizerTest" time="0"/>
  <testcase name="testOptimizeTernaryInEqualABCneqB" classname="org.apache.calcite.linq4j.test.OptimizerTest" time="0"/>
  <testcase name="testOptimizeTernaryInEqualABCneqC" classname="org.apache.calcite.linq4j.test.OptimizerTest" time="0"/>
  <testcase name="testOptimizeTernaryRotateNot" classname="org.apache.calcite.linq4j.test.OptimizerTest" time="0.001"/>
  <testcase name="testAndAlsoFalseBool" classname="org.apache.calcite.linq4j.test.OptimizerTest" time="0"/>
  <testcase name="testCastIntToInt" classname="org.apache.calcite.linq4j.test.OptimizerTest" time="0"/>
  <testcase name="testNotEq" classname="org.apache.calcite.linq4j.test.OptimizerTest" time="0"/>
  <testcase name="testNotGt" classname="org.apache.calcite.linq4j.test.OptimizerTest" time="0"/>
  <testcase name="testNotLt" classname="org.apache.calcite.linq4j.test.OptimizerTest" time="0"/>
  <testcase name="testEqualSameConst" classname="org.apache.calcite.linq4j.test.OptimizerTest" time="0"/>
  <testcase name="testEqualDifferentExpr" classname="org.apache.calcite.linq4j.test.OptimizerTest" time="0"/>
  <testcase name="testNotEqualBoolFalse" classname="org.apache.calcite.linq4j.test.OptimizerTest" time="0"/>
  <testcase name="testAssign2" classname="org.apache.calcite.linq4j.test.OptimizerTest" time="0.001"/>
  <testcase name="booleanValueOfTrue" classname="org.apache.calcite.linq4j.test.OptimizerTest" time="0"/>
  <testcase name="testNotEqualDifferentConst" classname="org.apache.calcite.linq4j.test.OptimizerTest" time="0"/>
  <testcase name="testConditionalIfFalse" classname="org.apache.calcite.linq4j.test.OptimizerTest" time="0"/>
  <testcase name="testOptimizeComparison" classname="org.apache.calcite.linq4j.test.OptimizerTest" time="0"/>
  <testcase name="testEqualDifferentConst" classname="org.apache.calcite.linq4j.test.OptimizerTest" time="0"/>
  <testcase name="testOptimizeTernaryABtrue" classname="org.apache.calcite.linq4j.test.OptimizerTest" time="0"/>
  <testcase name="testCastIntToShort" classname="org.apache.calcite.linq4j.test.OptimizerTest" time="0"/>
  <testcase name="testOptimizeTernaryAeqBAB" classname="org.apache.calcite.linq4j.test.OptimizerTest" time="0"/>
  <testcase name="testOptimizeTernaryAeqBBA" classname="org.apache.calcite.linq4j.test.OptimizerTest" time="0"/>
  <testcase name="testOptimizeTernaryAtrueB" classname="org.apache.calcite.linq4j.test.OptimizerTest" time="0"/>
  <testcase name="testEqualStringNull" classname="org.apache.calcite.linq4j.test.OptimizerTest" time="0.001"/>
  <testcase name="testConditionalIfTrueElse" classname="org.apache.calcite.linq4j.test.OptimizerTest" time="0"/>
  <testcase name="testOptimizeTernaryInEqualABCeqB" classname="org.apache.calcite.linq4j.test.OptimizerTest" time="0"/>
  <testcase name="testOptimizeTernaryInEqualABCeqC" classname="org.apache.calcite.linq4j.test.OptimizerTest" time="0"/>
  <testcase name="testEqualUnypedNullTypedNull" classname="org.apache.calcite.linq4j.test.OptimizerTest" time="0"/>
  <testcase name="testNotEqualStringNull" classname="org.apache.calcite.linq4j.test.OptimizerTest" time="0"/>
  <testcase name="testConditionalIfBoolTrue" classname="org.apache.calcite.linq4j.test.OptimizerTest" time="0"/>
  <testcase name="testEqualBoolFalse" classname="org.apache.calcite.linq4j.test.OptimizerTest" time="0"/>
  <testcase name="testBooleanValueOfFalse" classname="org.apache.calcite.linq4j.test.OptimizerTest" time="0"/>
  <testcase name="testOptimizeTernaryABfalse" classname="org.apache.calcite.linq4j.test.OptimizerTest" time="0"/>
  <testcase name="testAndAlsoXX" classname="org.apache.calcite.linq4j.test.OptimizerTest" time="0"/>
  <testcase name="testAndAlsoXY" classname="org.apache.calcite.linq4j.test.OptimizerTest" time="0.001"/>
  <testcase name="testNotEqualUnypedNullTypedNull" classname="org.apache.calcite.linq4j.test.OptimizerTest" time="0"/>
  <testcase name="testOptimizeTernaryAtrueBoxed" classname="org.apache.calcite.linq4j.test.OptimizerTest" time="0"/>
  <testcase name="testConditionalIfBoolFalseElse" classname="org.apache.calcite.linq4j.test.OptimizerTest" time="0"/>
  <testcase name="testConditionalIfBoolFalseTrue" classname="org.apache.calcite.linq4j.test.OptimizerTest" time="0"/>
  <testcase name="testOrElseXX" classname="org.apache.calcite.linq4j.test.OptimizerTest" time="0"/>
  <testcase name="testConditionalIfBoolTrueElse" classname="org.apache.calcite.linq4j.test.OptimizerTest" time="0"/>
  <testcase name="testNotEqualTypedNullUntypedNull" classname="org.apache.calcite.linq4j.test.OptimizerTest" time="0"/>
  <testcase name="testMultipleFolding" classname="org.apache.calcite.linq4j.test.OptimizerTest" time="0"/>
  <testcase name="testOrElseXY" classname="org.apache.calcite.linq4j.test.OptimizerTest" time="0"/>
  <testcase name="testAssign" classname="org.apache.calcite.linq4j.test.OptimizerTest" time="0.001"/>
  <testcase name="testNotEqualSameExpr" classname="org.apache.calcite.linq4j.test.OptimizerTest" time="0"/>
  <testcase name="testOrElseFalseBool" classname="org.apache.calcite.linq4j.test.OptimizerTest" time="0"/>
  <testcase name="testNotEqualBoolTrue" classname="org.apache.calcite.linq4j.test.OptimizerTest" time="0.001"/>
  <testcase name="testOptimizeTernaryAfalseB" classname="org.apache.calcite.linq4j.test.OptimizerTest" time="0.001"/>
  <testcase name="testNotGte" classname="org.apache.calcite.linq4j.test.OptimizerTest" time="0"/>
  <testcase name="testNotLte" classname="org.apache.calcite.linq4j.test.OptimizerTest" time="0"/>
  <testcase name="testNotNeq" classname="org.apache.calcite.linq4j.test.OptimizerTest" time="0"/>
  <testcase name="testOptimizeTernaryAneqBAB" classname="org.apache.calcite.linq4j.test.OptimizerTest" time="0"/>
  <testcase name="testOptimizeTernaryAneqBBA" classname="org.apache.calcite.linq4j.test.OptimizerTest" time="0"/>
  <testcase name="testNotNotA" classname="org.apache.calcite.linq4j.test.OptimizerTest" time="0"/>
  <testcase name="testNotTrue" classname="org.apache.calcite.linq4j.test.OptimizerTest" time="0"/>
  <testcase name="testConditionalIfBoolFalse" classname="org.apache.calcite.linq4j.test.OptimizerTest" time="0"/>
  <testcase name="testOrElseTrueBool" classname="org.apache.calcite.linq4j.test.OptimizerTest" time="0"/>
  <testcase name="testNotEqualSameConst" classname="org.apache.calcite.linq4j.test.OptimizerTest" time="0"/>
  <testcase name="testNonOptimizableTernary" classname="org.apache.calcite.linq4j.test.OptimizerTest" time="0"/>
  <testcase name="testAndAlsoTrueBool" classname="org.apache.calcite.linq4j.test.OptimizerTest" time="0"/>
  <testcase name="testConditionalIfFalseElse" classname="org.apache.calcite.linq4j.test.OptimizerTest" time="0"/>
  <testcase name="testOptimizeTernaryAlwaysFalse" classname="org.apache.calcite.linq4j.test.OptimizerTest" time="0"/>
</testsuite>