<?xml version="1.0" encoding="UTF-8"?>
<testsuite name="org.apache.calcite.test.MaterializationTest" time="19.884" tests="53" errors="0" skipped="15" failures="0">
  <properties>
    <property name="java.runtime.name" value="Java(TM) SE Runtime Environment"/>
    <property name="sun.boot.library.path" value="C:\Program Files\Java\jdk1.8.0_111\jre\bin"/>
    <property name="java.vm.version" value="25.111-b14"/>
    <property name="user.country.format" value="HR"/>
    <property name="hsqldb.reconfig_logging" value="false"/>
    <property name="java.vm.vendor" value="Oracle Corporation"/>
    <property name="maven.multiModuleProjectDirectory" value="C:\Users\DELL.DELL-PC\Desktop\Projekt\Kod\apache-calcite-1.10.0-src"/>
    <property name="java.vendor.url" value="http://java.oracle.com/"/>
    <property name="path.separator" value=";"/>
    <property name="guice.disable.misplaced.annotation.check" value="true"/>
    <property name="java.vm.name" value="Java HotSpot(TM) 64-Bit Server VM"/>
    <property name="file.encoding.pkg" value="sun.io"/>
    <property name="user.script" value=""/>
    <property name="user.country" value="US"/>
    <property name="sun.java.launcher" value="SUN_STANDARD"/>
    <property name="sun.os.patch.level" value="Service Pack 1"/>
    <property name="java.vm.specification.name" value="Java Virtual Machine Specification"/>
    <property name="user.dir" value="C:\Users\DELL.DELL-PC\Desktop\Projekt\Kod\apache-calcite-1.10.0-src\core"/>
    <property name="forkCount" value="0"/>
    <property name="java.runtime.version" value="1.8.0_111-b14"/>
    <property name="java.awt.graphicsenv" value="sun.awt.Win32GraphicsEnvironment"/>
    <property name="basedir" value="C:\Users\DELL.DELL-PC\Desktop\Projekt\Kod\apache-calcite-1.10.0-src\core"/>
    <property name="java.endorsed.dirs" value="C:\Program Files\Java\jdk1.8.0_111\jre\lib\endorsed"/>
    <property name="os.arch" value="amd64"/>
    <property name="java.io.tmpdir" value="C:\Users\DELL~1.DEL\AppData\Local\Temp\"/>
    <property name="line.separator" value="&#10;"/>
    <property name="java.vm.specification.vendor" value="Oracle Corporation"/>
    <property name="user.variant" value=""/>
    <property name="os.name" value="Windows 7"/>
    <property name="classworlds.conf" value="C:\Users\DELL.DELL-PC\Desktop\Projekt\Projekt\.metadata\.plugins\org.eclipse.m2e.launching\launches\m2conf8814765529561049191.tmp"/>
    <property name="sun.jnu.encoding" value="Cp1250"/>
    <property name="java.library.path" value="C:\Program Files\Java\jdk1.8.0_111\bin;C:\Windows\Sun\Java\bin;C:\Windows\system32;C:\Windows;C:\Program Files\Java\jdk1.8.0_111\jre\bin;C:/Program Files/Java/jre1.8.0_111/bin/server;C:/Program Files/Java/jre1.8.0_111/bin;C:/Program Files/Java/jre1.8.0_111/lib/amd64;C:\ProgramData\Oracle\Java\javapath;C:\oraclexe\app\oracle\product\11.2.0\server\bin;C:\Program Files (x86)\NVIDIA Corporation\PhysX\Common;C:\Windows\system32;C:\Windows;C:\Windows\System32\Wbem;C:\Windows\System32\WindowsPowerShell\v1.0\;C:\Program Files\Intel\WiFi\bin\;C:\Program Files\Common Files\Intel\WirelessCommon\;C:\Program Files (x86)\MATLAB\R2013a\runtime\win32;C:\Program Files (x86)\MATLAB\R2013a\bin;C:\Users\DELL.DELL-PC\Desktop\eclipse\apache-maven-3.3.3\bin;C:\Program Files\Git\cmd  ;C:\MinGW\bin;C:\msys\1.0\bin;C:\MinGW\msys\1.0\bin ;C:\Program Files (x86)\RemObjects Software\Elements\bin;C:\Dwimperl\perl\bin;C:\Dwimperl\perl\site\bin;C:\Dwimperl\c\bin;C:\Program Files\ActivIdentity\ActivClient\;C:\Users\DELL.DELL-PC\AppData\Local\Programs\Python\Python35-32\Scripts\;C:\Users\DELL.DELL-PC\AppData\Local\Programs\Python\Python35-32\;C:\Program Files\Intel\WiFi\bin\;C:\Program Files\Common Files\Intel\WirelessCommon\;C:\Users\DELL.DELL-PC\Desktop\eclipse;;."/>
    <property name="surefire.test.class.path" value="C:\Users\DELL.DELL-PC\Desktop\Projekt\Kod\apache-calcite-1.10.0-src\core\target\test-classes;C:\Users\DELL.DELL-PC\Desktop\Projekt\Kod\apache-calcite-1.10.0-src\core\target\classes;C:\Users\DELL.DELL-PC\.m2\repository\org\apache\calcite\avatica\avatica\1.8.0\avatica-1.8.0.jar;C:\Users\DELL.DELL-PC\.m2\repository\org\apache\calcite\avatica\avatica-metrics\1.8.0\avatica-metrics-1.8.0.jar;C:\Users\DELL.DELL-PC\.m2\repository\com\fasterxml\jackson\core\jackson-core\2.6.3\jackson-core-2.6.3.jar;C:\Users\DELL.DELL-PC\.m2\repository\com\fasterxml\jackson\core\jackson-annotations\2.6.3\jackson-annotations-2.6.3.jar;C:\Users\DELL.DELL-PC\.m2\repository\com\fasterxml\jackson\core\jackson-databind\2.6.3\jackson-databind-2.6.3.jar;C:\Users\DELL.DELL-PC\.m2\repository\com\google\protobuf\protobuf-java\3.0.0-beta-1\protobuf-java-3.0.0-beta-1.jar;C:\Users\DELL.DELL-PC\.m2\repository\org\apache\httpcomponents\httpclient\4.5.2\httpclient-4.5.2.jar;C:\Users\DELL.DELL-PC\.m2\repository\commons-codec\commons-codec\1.9\commons-codec-1.9.jar;C:\Users\DELL.DELL-PC\.m2\repository\org\apache\httpcomponents\httpcore\4.4.4\httpcore-4.4.4.jar;C:\Users\DELL.DELL-PC\Desktop\Projekt\Kod\apache-calcite-1.10.0-src\linq4j\target\classes;C:\Users\DELL.DELL-PC\.m2\repository\org\apache\calcite\avatica\avatica-server\1.8.0\avatica-server-1.8.0.jar;C:\Users\DELL.DELL-PC\.m2\repository\javax\servlet\javax.servlet-api\3.0.1\javax.servlet-api-3.0.1.jar;C:\Users\DELL.DELL-PC\.m2\repository\org\eclipse\jetty\jetty-security\9.2.15.v20160210\jetty-security-9.2.15.v20160210.jar;C:\Users\DELL.DELL-PC\.m2\repository\org\eclipse\jetty\jetty-server\9.2.15.v20160210\jetty-server-9.2.15.v20160210.jar;C:\Users\DELL.DELL-PC\.m2\repository\org\eclipse\jetty\jetty-http\9.2.15.v20160210\jetty-http-9.2.15.v20160210.jar;C:\Users\DELL.DELL-PC\.m2\repository\org\eclipse\jetty\jetty-io\9.2.15.v20160210\jetty-io-9.2.15.v20160210.jar;C:\Users\DELL.DELL-PC\.m2\repository\org\eclipse\jetty\jetty-util\9.2.15.v20160210\jetty-util-9.2.15.v20160210.jar;C:\Users\DELL.DELL-PC\.m2\repository\commons-dbcp\commons-dbcp\1.4\commons-dbcp-1.4.jar;C:\Users\DELL.DELL-PC\.m2\repository\commons-pool\commons-pool\1.5.4\commons-pool-1.5.4.jar;C:\Users\DELL.DELL-PC\.m2\repository\org\apache\commons\commons-lang3\3.2\commons-lang3-3.2.jar;C:\Users\DELL.DELL-PC\.m2\repository\com\google\code\findbugs\jsr305\1.3.9\jsr305-1.3.9.jar;C:\Users\DELL.DELL-PC\.m2\repository\com\google\guava\guava\18.0\guava-18.0.jar;C:\Users\DELL.DELL-PC\.m2\repository\com\h2database\h2\1.4.185\h2-1.4.185.jar;C:\Users\DELL.DELL-PC\.m2\repository\junit\junit\4.12\junit-4.12.jar;C:\Users\DELL.DELL-PC\.m2\repository\mysql\mysql-connector-java\5.1.20\mysql-connector-java-5.1.20.jar;C:\Users\DELL.DELL-PC\.m2\repository\net\hydromatic\eigenbase-properties\1.1.5\eigenbase-properties-1.1.5.jar;C:\Users\DELL.DELL-PC\.m2\repository\net\hydromatic\foodmart-data-hsqldb\0.3\foodmart-data-hsqldb-0.3.jar;C:\Users\DELL.DELL-PC\.m2\repository\net\hydromatic\foodmart-queries\0.4.1\foodmart-queries-0.4.1.jar;C:\Users\DELL.DELL-PC\.m2\repository\net\hydromatic\quidem\0.7\quidem-0.7.jar;C:\Users\DELL.DELL-PC\.m2\repository\net\hydromatic\scott-data-hsqldb\0.1\scott-data-hsqldb-0.1.jar;C:\Users\DELL.DELL-PC\.m2\repository\org\codehaus\janino\janino\2.7.6\janino-2.7.6.jar;C:\Users\DELL.DELL-PC\.m2\repository\org\codehaus\janino\commons-compiler\2.7.6\commons-compiler-2.7.6.jar;C:\Users\DELL.DELL-PC\.m2\repository\org\hsqldb\hsqldb\2.3.1\hsqldb-2.3.1.jar;C:\Users\DELL.DELL-PC\.m2\repository\org\incava\java-diff\1.1\java-diff-1.1.jar;C:\Users\DELL.DELL-PC\.m2\repository\org\hamcrest\hamcrest-core\1.3\hamcrest-core-1.3.jar;C:\Users\DELL.DELL-PC\.m2\repository\org\pentaho\pentaho-aggdesigner-algorithm\5.1.5-jhyde\pentaho-aggdesigner-algorithm-5.1.5-jhyde.jar;C:\Users\DELL.DELL-PC\.m2\repository\commons-lang\commons-lang\2.4\commons-lang-2.4.jar;C:\Users\DELL.DELL-PC\.m2\repository\commons-logging\commons-logging\1.1.3\commons-logging-1.1.3.jar;C:\Users\DELL.DELL-PC\.m2\repository\org\postgresql\postgresql\9.3-1102-jdbc3\postgresql-9.3-1102-jdbc3.jar;C:\Users\DELL.DELL-PC\.m2\repository\org\slf4j\slf4j-api\1.7.13\slf4j-api-1.7.13.jar;C:\Users\DELL.DELL-PC\.m2\repository\org\slf4j\slf4j-log4j12\1.7.13\slf4j-log4j12-1.7.13.jar;C:\Users\DELL.DELL-PC\.m2\repository\log4j\log4j\1.2.17\log4j-1.2.17.jar;C:\Users\DELL.DELL-PC\.m2\repository\sqlline\sqlline\1.1.9\sqlline-1.1.9.jar;C:\Users\DELL.DELL-PC\.m2\repository\jline\jline\2.10\jline-2.10.jar;C:\Users\DELL.DELL-PC\.m2\repository\com\vividsolutions\jts\1.11\jts-1.11.jar;C:\Users\DELL.DELL-PC\.m2\repository\xerces\xercesImpl\2.9.1\xercesImpl-2.9.1.jar;C:\Users\DELL.DELL-PC\.m2\repository\xml-apis\xml-apis\1.3.04\xml-apis-1.3.04.jar;"/>
    <property name="java.specification.name" value="Java Platform API Specification"/>
    <property name="java.class.version" value="52.0"/>
    <property name="sun.management.compiler" value="HotSpot 64-Bit Tiered Compilers"/>
    <property name="os.version" value="6.1"/>
    <property name="user.home" value="C:\Users\DELL.DELL-PC"/>
    <property name="user.timezone" value="Europe/Belgrade"/>
    <property name="java.awt.printerjob" value="sun.awt.windows.WPrinterJob"/>
    <property name="java.specification.version" value="1.8"/>
    <property name="file.encoding" value="Cp1250"/>
    <property name="user.name" value="DELL"/>
    <property name="java.class.path" value="/C:/Users/DELL.DELL-PC/Desktop/eclipse/plugins/org.eclipse.m2e.maven.runtime_1.6.2.20150902-0001/jars/plexus-classworlds-2.5.2.jar"/>
    <property name="maven.surefire.debug" value="true"/>
    <property name="java.vm.specification.version" value="1.8"/>
    <property name="sun.arch.data.model" value="64"/>
    <property name="java.home" value="C:\Program Files\Java\jdk1.8.0_111\jre"/>
    <property name="sun.java.command" value="org.codehaus.plexus.classworlds.launcher.Launcher -DforkCount=0 -B -Dmaven.surefire.debug test"/>
    <property name="java.specification.vendor" value="Oracle Corporation"/>
    <property name="user.language" value="en"/>
    <property name="user.language.format" value="hr"/>
    <property name="awt.toolkit" value="sun.awt.windows.WToolkit"/>
    <property name="java.vm.info" value="mixed mode"/>
    <property name="java.version" value="1.8.0_111"/>
    <property name="java.ext.dirs" value="C:\Program Files\Java\jdk1.8.0_111\jre\lib\ext;C:\Windows\Sun\Java\lib\ext"/>
    <property name="sun.boot.class.path" value="C:\Program Files\Java\jdk1.8.0_111\jre\lib\resources.jar;C:\Program Files\Java\jdk1.8.0_111\jre\lib\rt.jar;C:\Program Files\Java\jdk1.8.0_111\jre\lib\sunrsasign.jar;C:\Program Files\Java\jdk1.8.0_111\jre\lib\jsse.jar;C:\Program Files\Java\jdk1.8.0_111\jre\lib\jce.jar;C:\Program Files\Java\jdk1.8.0_111\jre\lib\charsets.jar;C:\Program Files\Java\jdk1.8.0_111\jre\lib\jfr.jar;C:\Program Files\Java\jdk1.8.0_111\jre\classes"/>
    <property name="java.vendor" value="Oracle Corporation"/>
    <property name="maven.home" value="C:\Users\DELL.DELL-PC\Desktop\Projekt\Kod\apache-calcite-1.10.0-src\EMBEDDED"/>
    <property name="localRepository" value="C:\Users\DELL.DELL-PC\.m2\repository"/>
    <property name="file.separator" value="\"/>
    <property name="java.vendor.url.bug" value="http://bugreport.sun.com/bugreport/"/>
    <property name="sun.cpu.endian" value="little"/>
    <property name="sun.io.unicode.encoding" value="UnicodeLittle"/>
    <property name="sun.desktop" value="windows"/>
    <property name="sun.cpu.isalist" value="amd64"/>
  </properties>
  <testcase name="testFilterQueryOnFilterView" classname="org.apache.calcite.test.MaterializationTest" time="0.595"/>
  <testcase name="testQueryOnStar" classname="org.apache.calcite.test.MaterializationTest" time="0">
    <skipped/>
  </testcase>
  <testcase name="testSatisfiable" classname="org.apache.calcite.test.MaterializationTest" time="0.003"/>
  <testcase name="testFilterQueryOnFilterView10" classname="org.apache.calcite.test.MaterializationTest" time="0.17"/>
  <testcase name="testFilterQueryOnFilterView11" classname="org.apache.calcite.test.MaterializationTest" time="0.176"/>
  <testcase name="testFilterQueryOnFilterView12" classname="org.apache.calcite.test.MaterializationTest" time="0.391"/>
  <testcase name="testFilterQueryOnFilterView13" classname="org.apache.calcite.test.MaterializationTest" time="0.211"/>
  <testcase name="testFilterQueryOnFilterView14" classname="org.apache.calcite.test.MaterializationTest" time="0.694"/>
  <testcase name="testMaterializationReferencesTableInOtherSchema" classname="org.apache.calcite.test.MaterializationTest" time="0">
    <skipped/>
  </testcase>
  <testcase name="testPrePopulated" classname="org.apache.calcite.test.MaterializationTest" time="0.244"/>
  <testcase name="testNonDisjointUnion" classname="org.apache.calcite.test.MaterializationTest" time="0">
    <skipped/>
  </testcase>
  <testcase name="testMultiMaterializationMultiUsage" classname="org.apache.calcite.test.MaterializationTest" time="1.775"/>
  <testcase name="testMaterializationSubstitution" classname="org.apache.calcite.test.MaterializationTest" time="1.529"/>
  <testcase name="testAlias" classname="org.apache.calcite.test.MaterializationTest" time="0.767"/>
  <testcase name="testScan" classname="org.apache.calcite.test.MaterializationTest" time="0.887"/>
  <testcase name="testJoinMaterialization" classname="org.apache.calcite.test.MaterializationTest" time="0.696"/>
  <testcase name="testMaterializationSubstitution2" classname="org.apache.calcite.test.MaterializationTest" time="1.758"/>
  <testcase name="testDifferentType" classname="org.apache.calcite.test.MaterializationTest" time="0">
    <skipped/>
  </testcase>
  <testcase name="testOrderByQueryOnProjectView" classname="org.apache.calcite.test.MaterializationTest" time="0">
    <skipped/>
  </testcase>
  <testcase name="testSingleMaterializationMultiUsage" classname="org.apache.calcite.test.MaterializationTest" time="0.838"/>
  <testcase name="testAggregateRollUp" classname="org.apache.calcite.test.MaterializationTest" time="0.529"/>
  <testcase name="testSwapJoin" classname="org.apache.calcite.test.MaterializationTest" time="0">
    <skipped/>
  </testcase>
  <testcase name="testFilterGroupQueryOnStar" classname="org.apache.calcite.test.MaterializationTest" time="0">
    <skipped/>
  </testcase>
  <testcase name="testFilterQueryOnProjectView" classname="org.apache.calcite.test.MaterializationTest" time="0.439"/>
  <testcase name="testFilterQueryOnFilterView2" classname="org.apache.calcite.test.MaterializationTest" time="0">
    <skipped/>
  </testcase>
  <testcase name="testFilterQueryOnFilterView3" classname="org.apache.calcite.test.MaterializationTest" time="0">
    <skipped message="not implemented"/>
  </testcase>
  <testcase name="testFilterQueryOnFilterView4" classname="org.apache.calcite.test.MaterializationTest" time="0.531"/>
  <testcase name="testFilterQueryOnFilterView5" classname="org.apache.calcite.test.MaterializationTest" time="0.477"/>
  <testcase name="testFilterQueryOnFilterView6" classname="org.apache.calcite.test.MaterializationTest" time="0.418"/>
  <testcase name="testFilterQueryOnFilterView7" classname="org.apache.calcite.test.MaterializationTest" time="1.062"/>
  <testcase name="testFilterQueryOnFilterView8" classname="org.apache.calcite.test.MaterializationTest" time="0.214"/>
  <testcase name="testFilterQueryOnFilterView9" classname="org.apache.calcite.test.MaterializationTest" time="0.301"/>
  <testcase name="testAggregate" classname="org.apache.calcite.test.MaterializationTest" time="0.564"/>
  <testcase name="testMultiMaterializationOnJoinQuery" classname="org.apache.calcite.test.MaterializationTest" time="0">
    <skipped message="Creating mv for depts considering all its column throws exception"/>
  </testcase>
  <testcase name="testSplitFilter" classname="org.apache.calcite.test.MaterializationTest" time="0"/>
  <testcase name="testDifferentColumnNames" classname="org.apache.calcite.test.MaterializationTest" time="0">
    <skipped/>
  </testcase>
  <testcase name="testViewSchemaPath" classname="org.apache.calcite.test.MaterializationTest" time="0.847"/>
  <testcase name="testFilterQueryOnProjectView0" classname="org.apache.calcite.test.MaterializationTest" time="0.325"/>
  <testcase name="testFilterQueryOnProjectView1" classname="org.apache.calcite.test.MaterializationTest" time="0.394"/>
  <testcase name="testFilterQueryOnProjectView2" classname="org.apache.calcite.test.MaterializationTest" time="0.367"/>
  <testcase name="testFilterQueryOnProjectView3" classname="org.apache.calcite.test.MaterializationTest" time="0.393"/>
  <testcase name="testFilterQueryOnProjectView4" classname="org.apache.calcite.test.MaterializationTest" time="0.125"/>
  <testcase name="testFilterQueryOnProjectView5" classname="org.apache.calcite.test.MaterializationTest" time="0.467"/>
  <testcase name="testFilterQueryOnProjectView6" classname="org.apache.calcite.test.MaterializationTest" time="0.099"/>
  <testcase name="testFilterQueryOnProjectView7" classname="org.apache.calcite.test.MaterializationTest" time="0.104"/>
  <testcase name="testFilterQueryOnProjectView8" classname="org.apache.calcite.test.MaterializationTest" time="0.394"/>
  <testcase name="testOrderByQueryOnOrderByView" classname="org.apache.calcite.test.MaterializationTest" time="0">
    <skipped/>
  </testcase>
  <testcase name="testFilter" classname="org.apache.calcite.test.MaterializationTest" time="0.323"/>
  <testcase name="testJoinOnUnionMaterialization" classname="org.apache.calcite.test.MaterializationTest" time="0">
    <skipped/>
  </testcase>
  <testcase name="testMaterializationOnJoinQuery" classname="org.apache.calcite.test.MaterializationTest" time="0.462"/>
  <testcase name="testPartialUnion" classname="org.apache.calcite.test.MaterializationTest" time="0">
    <skipped/>
  </testcase>
  <testcase name="testJoinMaterialization2" classname="org.apache.calcite.test.MaterializationTest" time="0.315"/>
  <testcase name="testAggregateProject" classname="org.apache.calcite.test.MaterializationTest" time="0">
    <skipped message="work in progress"/>
  </testcase>
</testsuite>