<?xml version="1.0" encoding="UTF-8"?>
<testsuite name="org.apache.calcite.test.JdbcTest" time="381.59" tests="267" errors="0" skipped="20" failures="0">
  <properties>
    <property name="java.runtime.name" value="Java(TM) SE Runtime Environment"/>
    <property name="sun.boot.library.path" value="C:\Program Files\Java\jdk1.8.0_111\jre\bin"/>
    <property name="java.vm.version" value="25.111-b14"/>
    <property name="user.country.format" value="HR"/>
    <property name="hsqldb.reconfig_logging" value="false"/>
    <property name="java.vm.vendor" value="Oracle Corporation"/>
    <property name="maven.multiModuleProjectDirectory" value="C:\Users\DELL.DELL-PC\Desktop\Projekt\Kod\apache-calcite-1.10.0-src"/>
    <property name="java.vendor.url" value="http://java.oracle.com/"/>
    <property name="path.separator" value=";"/>
    <property name="guice.disable.misplaced.annotation.check" value="true"/>
    <property name="java.vm.name" value="Java HotSpot(TM) 64-Bit Server VM"/>
    <property name="file.encoding.pkg" value="sun.io"/>
    <property name="user.script" value=""/>
    <property name="user.country" value="US"/>
    <property name="sun.java.launcher" value="SUN_STANDARD"/>
    <property name="sun.os.patch.level" value="Service Pack 1"/>
    <property name="java.vm.specification.name" value="Java Virtual Machine Specification"/>
    <property name="user.dir" value="C:\Users\DELL.DELL-PC\Desktop\Projekt\Kod\apache-calcite-1.10.0-src\core"/>
    <property name="forkCount" value="0"/>
    <property name="java.runtime.version" value="1.8.0_111-b14"/>
    <property name="java.awt.graphicsenv" value="sun.awt.Win32GraphicsEnvironment"/>
    <property name="basedir" value="C:\Users\DELL.DELL-PC\Desktop\Projekt\Kod\apache-calcite-1.10.0-src\core"/>
    <property name="java.endorsed.dirs" value="C:\Program Files\Java\jdk1.8.0_111\jre\lib\endorsed"/>
    <property name="os.arch" value="amd64"/>
    <property name="java.io.tmpdir" value="C:\Users\DELL~1.DEL\AppData\Local\Temp\"/>
    <property name="line.separator" value="&#10;"/>
    <property name="java.vm.specification.vendor" value="Oracle Corporation"/>
    <property name="user.variant" value=""/>
    <property name="os.name" value="Windows 7"/>
    <property name="classworlds.conf" value="C:\Users\DELL.DELL-PC\Desktop\Projekt\Projekt\.metadata\.plugins\org.eclipse.m2e.launching\launches\m2conf5055507384199526473.tmp"/>
    <property name="sun.jnu.encoding" value="Cp1250"/>
    <property name="java.library.path" value="C:\Program Files\Java\jdk1.8.0_111\bin;C:\Windows\Sun\Java\bin;C:\Windows\system32;C:\Windows;C:\Program Files\Java\jdk1.8.0_111\jre\bin;C:/Program Files/Java/jre1.8.0_111/bin/server;C:/Program Files/Java/jre1.8.0_111/bin;C:/Program Files/Java/jre1.8.0_111/lib/amd64;C:\ProgramData\Oracle\Java\javapath;C:\oraclexe\app\oracle\product\11.2.0\server\bin;C:\Program Files (x86)\NVIDIA Corporation\PhysX\Common;C:\Windows\system32;C:\Windows;C:\Windows\System32\Wbem;C:\Windows\System32\WindowsPowerShell\v1.0\;C:\Program Files\Intel\WiFi\bin\;C:\Program Files\Common Files\Intel\WirelessCommon\;C:\Program Files (x86)\MATLAB\R2013a\runtime\win32;C:\Program Files (x86)\MATLAB\R2013a\bin;C:\Users\DELL.DELL-PC\Desktop\eclipse\apache-maven-3.3.3\bin;C:\Program Files\Git\cmd  ;C:\MinGW\bin;C:\msys\1.0\bin;C:\MinGW\msys\1.0\bin ;C:\Program Files (x86)\RemObjects Software\Elements\bin;C:\Dwimperl\perl\bin;C:\Dwimperl\perl\site\bin;C:\Dwimperl\c\bin;C:\Program Files\ActivIdentity\ActivClient\;C:\Users\DELL.DELL-PC\AppData\Local\Programs\Python\Python35-32\Scripts\;C:\Users\DELL.DELL-PC\AppData\Local\Programs\Python\Python35-32\;C:\Program Files\Intel\WiFi\bin\;C:\Program Files\Common Files\Intel\WirelessCommon\;C:\Users\DELL.DELL-PC\Desktop\eclipse;;."/>
    <property name="surefire.test.class.path" value="C:\Users\DELL.DELL-PC\Desktop\Projekt\Kod\apache-calcite-1.10.0-src\core\target\test-classes;C:\Users\DELL.DELL-PC\Desktop\Projekt\Kod\apache-calcite-1.10.0-src\core\target\classes;C:\Users\DELL.DELL-PC\.m2\repository\org\apache\calcite\avatica\avatica\1.8.0\avatica-1.8.0.jar;C:\Users\DELL.DELL-PC\.m2\repository\org\apache\calcite\avatica\avatica-metrics\1.8.0\avatica-metrics-1.8.0.jar;C:\Users\DELL.DELL-PC\.m2\repository\com\fasterxml\jackson\core\jackson-core\2.6.3\jackson-core-2.6.3.jar;C:\Users\DELL.DELL-PC\.m2\repository\com\fasterxml\jackson\core\jackson-annotations\2.6.3\jackson-annotations-2.6.3.jar;C:\Users\DELL.DELL-PC\.m2\repository\com\fasterxml\jackson\core\jackson-databind\2.6.3\jackson-databind-2.6.3.jar;C:\Users\DELL.DELL-PC\.m2\repository\com\google\protobuf\protobuf-java\3.0.0-beta-1\protobuf-java-3.0.0-beta-1.jar;C:\Users\DELL.DELL-PC\.m2\repository\org\apache\httpcomponents\httpclient\4.5.2\httpclient-4.5.2.jar;C:\Users\DELL.DELL-PC\.m2\repository\commons-codec\commons-codec\1.9\commons-codec-1.9.jar;C:\Users\DELL.DELL-PC\.m2\repository\org\apache\httpcomponents\httpcore\4.4.4\httpcore-4.4.4.jar;C:\Users\DELL.DELL-PC\Desktop\Projekt\Kod\apache-calcite-1.10.0-src\linq4j\target\classes;C:\Users\DELL.DELL-PC\.m2\repository\org\apache\calcite\avatica\avatica-server\1.8.0\avatica-server-1.8.0.jar;C:\Users\DELL.DELL-PC\.m2\repository\javax\servlet\javax.servlet-api\3.0.1\javax.servlet-api-3.0.1.jar;C:\Users\DELL.DELL-PC\.m2\repository\org\eclipse\jetty\jetty-security\9.2.15.v20160210\jetty-security-9.2.15.v20160210.jar;C:\Users\DELL.DELL-PC\.m2\repository\org\eclipse\jetty\jetty-server\9.2.15.v20160210\jetty-server-9.2.15.v20160210.jar;C:\Users\DELL.DELL-PC\.m2\repository\org\eclipse\jetty\jetty-http\9.2.15.v20160210\jetty-http-9.2.15.v20160210.jar;C:\Users\DELL.DELL-PC\.m2\repository\org\eclipse\jetty\jetty-io\9.2.15.v20160210\jetty-io-9.2.15.v20160210.jar;C:\Users\DELL.DELL-PC\.m2\repository\org\eclipse\jetty\jetty-util\9.2.15.v20160210\jetty-util-9.2.15.v20160210.jar;C:\Users\DELL.DELL-PC\.m2\repository\commons-dbcp\commons-dbcp\1.4\commons-dbcp-1.4.jar;C:\Users\DELL.DELL-PC\.m2\repository\commons-pool\commons-pool\1.5.4\commons-pool-1.5.4.jar;C:\Users\DELL.DELL-PC\.m2\repository\org\apache\commons\commons-lang3\3.2\commons-lang3-3.2.jar;C:\Users\DELL.DELL-PC\.m2\repository\com\google\code\findbugs\jsr305\1.3.9\jsr305-1.3.9.jar;C:\Users\DELL.DELL-PC\.m2\repository\com\google\guava\guava\18.0\guava-18.0.jar;C:\Users\DELL.DELL-PC\.m2\repository\com\h2database\h2\1.4.185\h2-1.4.185.jar;C:\Users\DELL.DELL-PC\.m2\repository\junit\junit\4.12\junit-4.12.jar;C:\Users\DELL.DELL-PC\.m2\repository\mysql\mysql-connector-java\5.1.20\mysql-connector-java-5.1.20.jar;C:\Users\DELL.DELL-PC\.m2\repository\net\hydromatic\eigenbase-properties\1.1.5\eigenbase-properties-1.1.5.jar;C:\Users\DELL.DELL-PC\.m2\repository\net\hydromatic\foodmart-data-hsqldb\0.3\foodmart-data-hsqldb-0.3.jar;C:\Users\DELL.DELL-PC\.m2\repository\net\hydromatic\foodmart-queries\0.4.1\foodmart-queries-0.4.1.jar;C:\Users\DELL.DELL-PC\.m2\repository\net\hydromatic\quidem\0.7\quidem-0.7.jar;C:\Users\DELL.DELL-PC\.m2\repository\net\hydromatic\scott-data-hsqldb\0.1\scott-data-hsqldb-0.1.jar;C:\Users\DELL.DELL-PC\.m2\repository\org\codehaus\janino\janino\2.7.6\janino-2.7.6.jar;C:\Users\DELL.DELL-PC\.m2\repository\org\codehaus\janino\commons-compiler\2.7.6\commons-compiler-2.7.6.jar;C:\Users\DELL.DELL-PC\.m2\repository\org\hsqldb\hsqldb\2.3.1\hsqldb-2.3.1.jar;C:\Users\DELL.DELL-PC\.m2\repository\org\incava\java-diff\1.1\java-diff-1.1.jar;C:\Users\DELL.DELL-PC\.m2\repository\org\hamcrest\hamcrest-core\1.3\hamcrest-core-1.3.jar;C:\Users\DELL.DELL-PC\.m2\repository\org\pentaho\pentaho-aggdesigner-algorithm\5.1.5-jhyde\pentaho-aggdesigner-algorithm-5.1.5-jhyde.jar;C:\Users\DELL.DELL-PC\.m2\repository\commons-lang\commons-lang\2.4\commons-lang-2.4.jar;C:\Users\DELL.DELL-PC\.m2\repository\commons-logging\commons-logging\1.1.3\commons-logging-1.1.3.jar;C:\Users\DELL.DELL-PC\.m2\repository\org\postgresql\postgresql\9.3-1102-jdbc3\postgresql-9.3-1102-jdbc3.jar;C:\Users\DELL.DELL-PC\.m2\repository\org\slf4j\slf4j-api\1.7.13\slf4j-api-1.7.13.jar;C:\Users\DELL.DELL-PC\.m2\repository\org\slf4j\slf4j-log4j12\1.7.13\slf4j-log4j12-1.7.13.jar;C:\Users\DELL.DELL-PC\.m2\repository\log4j\log4j\1.2.17\log4j-1.2.17.jar;C:\Users\DELL.DELL-PC\.m2\repository\sqlline\sqlline\1.1.9\sqlline-1.1.9.jar;C:\Users\DELL.DELL-PC\.m2\repository\jline\jline\2.10\jline-2.10.jar;C:\Users\DELL.DELL-PC\.m2\repository\com\vividsolutions\jts\1.11\jts-1.11.jar;C:\Users\DELL.DELL-PC\.m2\repository\xerces\xercesImpl\2.9.1\xercesImpl-2.9.1.jar;C:\Users\DELL.DELL-PC\.m2\repository\xml-apis\xml-apis\1.3.04\xml-apis-1.3.04.jar;"/>
    <property name="java.specification.name" value="Java Platform API Specification"/>
    <property name="java.class.version" value="52.0"/>
    <property name="sun.management.compiler" value="HotSpot 64-Bit Tiered Compilers"/>
    <property name="os.version" value="6.1"/>
    <property name="user.home" value="C:\Users\DELL.DELL-PC"/>
    <property name="user.timezone" value="Europe/Belgrade"/>
    <property name="java.awt.printerjob" value="sun.awt.windows.WPrinterJob"/>
    <property name="java.specification.version" value="1.8"/>
    <property name="file.encoding" value="Cp1250"/>
    <property name="user.name" value="DELL"/>
    <property name="java.class.path" value="/C:/Users/DELL.DELL-PC/Desktop/eclipse/plugins/org.eclipse.m2e.maven.runtime_1.6.2.20150902-0001/jars/plexus-classworlds-2.5.2.jar"/>
    <property name="maven.surefire.debug" value="true"/>
    <property name="java.vm.specification.version" value="1.8"/>
    <property name="sun.arch.data.model" value="64"/>
    <property name="java.home" value="C:\Program Files\Java\jdk1.8.0_111\jre"/>
    <property name="sun.java.command" value="org.codehaus.plexus.classworlds.launcher.Launcher -DforkCount=0 -B -Dmaven.surefire.debug test"/>
    <property name="java.specification.vendor" value="Oracle Corporation"/>
    <property name="user.language" value="en"/>
    <property name="user.language.format" value="hr"/>
    <property name="awt.toolkit" value="sun.awt.windows.WToolkit"/>
    <property name="java.vm.info" value="mixed mode"/>
    <property name="java.version" value="1.8.0_111"/>
    <property name="java.ext.dirs" value="C:\Program Files\Java\jdk1.8.0_111\jre\lib\ext;C:\Windows\Sun\Java\lib\ext"/>
    <property name="sun.boot.class.path" value="C:\Program Files\Java\jdk1.8.0_111\jre\lib\resources.jar;C:\Program Files\Java\jdk1.8.0_111\jre\lib\rt.jar;C:\Program Files\Java\jdk1.8.0_111\jre\lib\sunrsasign.jar;C:\Program Files\Java\jdk1.8.0_111\jre\lib\jsse.jar;C:\Program Files\Java\jdk1.8.0_111\jre\lib\jce.jar;C:\Program Files\Java\jdk1.8.0_111\jre\lib\charsets.jar;C:\Program Files\Java\jdk1.8.0_111\jre\lib\jfr.jar;C:\Program Files\Java\jdk1.8.0_111\jre\classes"/>
    <property name="java.vendor" value="Oracle Corporation"/>
    <property name="maven.home" value="C:\Users\DELL.DELL-PC\Desktop\Projekt\Kod\apache-calcite-1.10.0-src\EMBEDDED"/>
    <property name="localRepository" value="C:\Users\DELL.DELL-PC\.m2\repository"/>
    <property name="file.separator" value="\"/>
    <property name="java.vendor.url.bug" value="http://bugreport.sun.com/bugreport/"/>
    <property name="sun.cpu.endian" value="little"/>
    <property name="sun.io.unicode.encoding" value="UnicodeLittle"/>
    <property name="sun.desktop" value="windows"/>
    <property name="sun.cpu.isalist" value="amd64"/>
  </properties>
  <testcase name="testSumOverUnboundedPreceding" classname="org.apache.calcite.test.JdbcTest" time="0.256"/>
  <testcase name="testWinAggFirstValue" classname="org.apache.calcite.test.JdbcTest" time="0.242"/>
  <testcase name="testUnquotedCaseSensitiveSubQuerySqlServer" classname="org.apache.calcite.test.JdbcTest" time="0.026"/>
  <testcase name="testLexOracleAsJava" classname="org.apache.calcite.test.JdbcTest" time="0.002"/>
  <testcase name="testReuseExpressionWhenNullChecking" classname="org.apache.calcite.test.JdbcTest" time="0.185"/>
  <testcase name="testJdbcDate" classname="org.apache.calcite.test.JdbcTest" time="0.272"/>
  <testcase name="testOrderByOnSortedTable2" classname="org.apache.calcite.test.JdbcTest" time="0.435"/>
  <testcase name="testOrderByFetch" classname="org.apache.calcite.test.JdbcTest" time="0.223"/>
  <testcase name="testModelWithModifiableView" classname="org.apache.calcite.test.JdbcTest" time="0.146"/>
  <testcase name="testOrderUnionStarByExpr" classname="org.apache.calcite.test.JdbcTest" time="0.076"/>
  <testcase name="testWinRowNumber" classname="org.apache.calcite.test.JdbcTest" time="0.235"/>
  <testcase name="testArrayElement" classname="org.apache.calcite.test.JdbcTest" time="0.06"/>
  <testcase name="testInnerJoinValues" classname="org.apache.calcite.test.JdbcTest" time="0.46"/>
  <testcase name="testSelfJoinDifferentColumns" classname="org.apache.calcite.test.JdbcTest" time="0.313"/>
  <testcase name="testWinAggScalarNonNullPhysType" classname="org.apache.calcite.test.JdbcTest" time="0.162"/>
  <testcase name="testPrimitiveColumnsWithNullValues" classname="org.apache.calcite.test.JdbcTest" time="0.139"/>
  <testcase name="testMergeJoin" classname="org.apache.calcite.test.JdbcTest" time="0.084"/>
  <testcase name="testNotExistsCorrelated2" classname="org.apache.calcite.test.JdbcTest" time="0.235"/>
  <testcase name="testLimitOnQueryableTable" classname="org.apache.calcite.test.JdbcTest" time="0.149"/>
  <testcase name="testFoodmartLattice" classname="org.apache.calcite.test.JdbcTest" time="0">
    <skipped/>
  </testcase>
  <testcase name="testMultipleScannableTableFunctionWithNamedParameters" classname="org.apache.calcite.test.JdbcTest" time="0.22"/>
  <testcase name="testLexSqlServer" classname="org.apache.calcite.test.JdbcTest" time="0.002"/>
  <testcase name="testExplainJoin" classname="org.apache.calcite.test.JdbcTest" time="0">
    <skipped/>
  </testcase>
  <testcase name="testUnnestMultiset" classname="org.apache.calcite.test.JdbcTest" time="0.176"/>
  <testcase name="testLimitStar" classname="org.apache.calcite.test.JdbcTest" time="0.025"/>
  <testcase name="testLimitZero" classname="org.apache.calcite.test.JdbcTest" time="0.048"/>
  <testcase name="testNotExistsCorrelated" classname="org.apache.calcite.test.JdbcTest" time="0.142"/>
  <testcase name="testLeftJoin" classname="org.apache.calcite.test.JdbcTest" time="0.052"/>
  <testcase name="testQuotedCaseSensitiveSubQuerySqlServer" classname="org.apache.calcite.test.JdbcTest" time="0.025"/>
  <testcase name="testModelCustomSchema" classname="org.apache.calcite.test.JdbcTest" time="0.065"/>
  <testcase name="testMetaDataColumns" classname="org.apache.calcite.test.JdbcTest" time="0.125"/>
  <testcase name="testModelCustomTable2" classname="org.apache.calcite.test.JdbcTest" time="0.032"/>
  <testcase name="testHavingNot2" classname="org.apache.calcite.test.JdbcTest" time="0.264"/>
  <testcase name="testNoCalcBetweenJoins" classname="org.apache.calcite.test.JdbcTest" time="0">
    <skipped/>
  </testcase>
  <testcase name="testNtileConstantArgs" classname="org.apache.calcite.test.JdbcTest" time="0">
    <skipped message="Have no idea how to validate that expression is constant"/>
  </testcase>
  <testcase name="testExplain" classname="org.apache.calcite.test.JdbcTest" time="0.027"/>
  <testcase name="testExtract" classname="org.apache.calcite.test.JdbcTest" time="0.032"/>
  <testcase name="testIntersectMismatchedVarchar" classname="org.apache.calcite.test.JdbcTest" time="0.435"/>
  <testcase name="testSimpleCalciteSchema" classname="org.apache.calcite.test.JdbcTest" time="0.004"/>
  <testcase name="testScalarSubQueryInCase2" classname="org.apache.calcite.test.JdbcTest" time="0.232"/>
  <testcase name="testOrderBy" classname="org.apache.calcite.test.JdbcTest" time="0.18"/>
  <testcase name="testOverNoOrder" classname="org.apache.calcite.test.JdbcTest" time="0.161"/>
  <testcase name="testWhereNot" classname="org.apache.calcite.test.JdbcTest" time="0.329"/>
  <testcase name="testOrderOnSortedTable" classname="org.apache.calcite.test.JdbcTest" time="0.14"/>
  <testcase name="testGetDateAsString" classname="org.apache.calcite.test.JdbcTest" time="0.134"/>
  <testcase name="testUnnestItemsInMap" classname="org.apache.calcite.test.JdbcTest" time="0.04"/>
  <testcase name="testUnnestArrayWithOrdinality" classname="org.apache.calcite.test.JdbcTest" time="0.03"/>
  <testcase name="testLexMySQL" classname="org.apache.calcite.test.JdbcTest" time="0.001"/>
  <testcase name="testModelView" classname="org.apache.calcite.test.JdbcTest" time="0.079"/>
  <testcase name="testEquiThetaJoin" classname="org.apache.calcite.test.JdbcTest" time="0.073"/>
  <testcase name="testOrderByOffsetFetch" classname="org.apache.calcite.test.JdbcTest" time="0.161"/>
  <testcase name="testCaseSensitiveSubQueryOracle" classname="org.apache.calcite.test.JdbcTest" time="0.043"/>
  <testcase name="testAggregateEmpty" classname="org.apache.calcite.test.JdbcTest" time="0.117"/>
  <testcase name="testVarcharEquals" classname="org.apache.calcite.test.JdbcTest" time="0.46"/>
  <testcase name="testCustomSchemaInFileInPwd" classname="org.apache.calcite.test.JdbcTest" time="0.028"/>
  <testcase name="testValuesAlias" classname="org.apache.calcite.test.JdbcTest" time="0.026"/>
  <testcase name="testArray" classname="org.apache.calcite.test.JdbcTest" time="0.28"/>
  <testcase name="testBushy" classname="org.apache.calcite.test.JdbcTest" time="0">
    <skipped message="extremely slow - a bit better if you disable ProjectMergeRule"/>
  </testcase>
  <testcase name="testValuesMinus" classname="org.apache.calcite.test.JdbcTest" time="0.072"/>
  <testcase name="testFetch" classname="org.apache.calcite.test.JdbcTest" time="0.04"/>
  <testcase name="testValuesComposite" classname="org.apache.calcite.test.JdbcTest" time="0.021"/>
  <testcase name="testModel" classname="org.apache.calcite.test.JdbcTest" time="0.128"/>
  <testcase name="testNotIn" classname="org.apache.calcite.test.JdbcTest" time="0.613"/>
  <testcase name="testScannableTableFunctionWithNamedParameters" classname="org.apache.calcite.test.JdbcTest" time="0.057"/>
  <testcase name="testSetMaxRows" classname="org.apache.calcite.test.JdbcTest" time="0.02"/>
  <testcase name="testWinAggDenseRankValuesDesc" classname="org.apache.calcite.test.JdbcTest" time="0.091"/>
  <testcase name="testWinAggRankValuesDesc" classname="org.apache.calcite.test.JdbcTest" time="0.086"/>
  <testcase name="testAnd3" classname="org.apache.calcite.test.JdbcTest" time="0.037"/>
  <testcase name="testHook" classname="org.apache.calcite.test.JdbcTest" time="0.043"/>
  <testcase name="testLike" classname="org.apache.calcite.test.JdbcTest" time="0.03"/>
  <testcase name="testTrim" classname="org.apache.calcite.test.JdbcTest" time="0.318"/>
  <testcase name="testTrue" classname="org.apache.calcite.test.JdbcTest" time="0.101"/>
  <testcase name="testNtileDecimalArg" classname="org.apache.calcite.test.JdbcTest" time="0.026"/>
  <testcase name="testNullableTimestamp2" classname="org.apache.calcite.test.JdbcTest" time="0.146"/>
  <testcase name="testWithOrderBy" classname="org.apache.calcite.test.JdbcTest" time="0.037"/>
  <testcase name="testExistsCorrelated" classname="org.apache.calcite.test.JdbcTest" time="0.237"/>
  <testcase name="testNullableNumericColumnInCloneSchema" classname="org.apache.calcite.test.JdbcTest" time="0.126"/>
  <testcase name="testTableFunctionNonNullableMustBeLiterals" classname="org.apache.calcite.test.JdbcTest" time="0">
    <skipped message="SQLException does not include message from nested exception"/>
  </testcase>
  <testcase name="testOrderStarByExpr" classname="org.apache.calcite.test.JdbcTest" time="0.053"/>
  <testcase name="testRightJoin" classname="org.apache.calcite.test.JdbcTest" time="0.051"/>
  <testcase name="testOrderByNullsFirst" classname="org.apache.calcite.test.JdbcTest" time="0.164"/>
  <testcase name="testIn" classname="org.apache.calcite.test.JdbcTest" time="0">
    <skipped/>
  </testcase>
  <testcase name="testVariousOuter" classname="org.apache.calcite.test.JdbcTest" time="0.129"/>
  <testcase name="testUnnestItemsInMapWithNoAliasAndAdditionalArgument" classname="org.apache.calcite.test.JdbcTest" time="0.04"/>
  <testcase name="testModelCustomTableIntegerRowSingleColumn" classname="org.apache.calcite.test.JdbcTest" time="0.026"/>
  <testcase name="testWinAggDenseRankValues" classname="org.apache.calcite.test.JdbcTest" time="0.099"/>
  <testcase name="testSelectDistinctStar" classname="org.apache.calcite.test.JdbcTest" time="0.063"/>
  <testcase name="testExplicitImplicitSchemaSameName" classname="org.apache.calcite.test.JdbcTest" time="0.001"/>
  <testcase name="testQuotedCaseSensitiveSubQueryMySql" classname="org.apache.calcite.test.JdbcTest" time="0.147"/>
  <testcase name="testResultSetMetaData" classname="org.apache.calcite.test.JdbcTest" time="0.09"/>
  <testcase name="testJoinJoin" classname="org.apache.calcite.test.JdbcTest" time="0">
    <skipped/>
  </testcase>
  <testcase name="testUnicode" classname="org.apache.calcite.test.JdbcTest" time="0.489"/>
  <testcase name="testWinAggRankValues" classname="org.apache.calcite.test.JdbcTest" time="0.105"/>
  <testcase name="testArrayConstructor" classname="org.apache.calcite.test.JdbcTest" time="0.026"/>
  <testcase name="testCloneSchema" classname="org.apache.calcite.test.JdbcTest" time="0.164"/>
  <testcase name="testHavingNot" classname="org.apache.calcite.test.JdbcTest" time="140.856"/>
  <testcase name="testGroupByNoAggregates" classname="org.apache.calcite.test.JdbcTest" time="0.031"/>
  <testcase name="testUnnestArrayScalarArray" classname="org.apache.calcite.test.JdbcTest" time="0.071"/>
  <testcase name="testFetchStar" classname="org.apache.calcite.test.JdbcTest" time="0.024"/>
  <testcase name="testTableFunctionCursorsInputs" classname="org.apache.calcite.test.JdbcTest" time="0">
    <skipped message="CannotPlanException: Node [rel#24:Subset#6.ENUMERABLE.[]] could not be implemented"/>
  </testcase>
  <testcase name="testGetDate" classname="org.apache.calcite.test.JdbcTest" time="0.222"/>
  <testcase name="testOrderByNullsLast" classname="org.apache.calcite.test.JdbcTest" time="0.175"/>
  <testcase name="testLateral" classname="org.apache.calcite.test.JdbcTest" time="0.226"/>
  <testcase name="testLexCaseInsensitive" classname="org.apache.calcite.test.JdbcTest" time="0.087"/>
  <testcase name="testScannableTableFunction" classname="org.apache.calcite.test.JdbcTest" time="0.019"/>
  <testcase name="testSelectDistinctComposite" classname="org.apache.calcite.test.JdbcTest" time="0.07"/>
  <testcase name="testGroupByNull" classname="org.apache.calcite.test.JdbcTest" time="0.048"/>
  <testcase name="testAggregateFilter" classname="org.apache.calcite.test.JdbcTest" time="0.236"/>
  <testcase name="testUnnestItemsInMapWithOrdinality" classname="org.apache.calcite.test.JdbcTest" time="0.035"/>
  <testcase name="testLexCaseInsensitiveTableAlias" classname="org.apache.calcite.test.JdbcTest" time="0.048"/>
  <testcase name="testStartOfGroupLeadStep1" classname="org.apache.calcite.test.JdbcTest" time="139.136"/>
  <testcase name="testStartOfGroupLeadStep3" classname="org.apache.calcite.test.JdbcTest" time="0.406"/>
  <testcase name="testAutomaticTemporaryTable" classname="org.apache.calcite.test.JdbcTest" time="0.029"/>
  <testcase name="testLexJava" classname="org.apache.calcite.test.JdbcTest" time="0.001"/>
  <testcase name="testLikeToRegex" classname="org.apache.calcite.test.JdbcTest" time="0"/>
  <testcase name="testTableFunctionDynamicStructure" classname="org.apache.calcite.test.JdbcTest" time="0.03"/>
  <testcase name="testCustomSchemaDirectConnection" classname="org.apache.calcite.test.JdbcTest" time="0.098"/>
  <testcase name="testTableMacroMap" classname="org.apache.calcite.test.JdbcTest" time="0.034"/>
  <testcase name="testSqlAdvisorGetHintsFunction" classname="org.apache.calcite.test.JdbcTest" time="0.044"/>
  <testcase name="testNotInEmptyQuery" classname="org.apache.calcite.test.JdbcTest" time="0.16"/>
  <testcase name="testCloneGroupBy2Plan" classname="org.apache.calcite.test.JdbcTest" time="0">
    <skipped message="The actual and expected plan differ"/>
  </testcase>
  <testcase name="testWinAggRank" classname="org.apache.calcite.test.JdbcTest" time="0.167"/>
  <testcase name="testAggMultipleMeasures" classname="org.apache.calcite.test.JdbcTest" time="13.04"/>
  <testcase name="testFunOracle" classname="org.apache.calcite.test.JdbcTest" time="0.032"/>
  <testcase name="testVersion" classname="org.apache.calcite.test.JdbcTest" time="0"/>
  <testcase name="testNotInQuery" classname="org.apache.calcite.test.JdbcTest" time="0.281"/>
  <testcase name="testSelectDistinct" classname="org.apache.calcite.test.JdbcTest" time="0.019"/>
  <testcase name="testConnectionProperties" classname="org.apache.calcite.test.JdbcTest" time="0"/>
  <testcase name="testLeadDefaultValue" classname="org.apache.calcite.test.JdbcTest" time="0.114"/>
  <testcase name="testJoinMismatchedVarchar" classname="org.apache.calcite.test.JdbcTest" time="0.187"/>
  <testcase name="testValuesCompositeRenamed" classname="org.apache.calcite.test.JdbcTest" time="0.03"/>
  <testcase name="testSql92JoinParenthesized" classname="org.apache.calcite.test.JdbcTest" time="0"/>
  <testcase name="testReuseExpressionWhenNullChecking2" classname="org.apache.calcite.test.JdbcTest" time="0.068"/>
  <testcase name="testReuseExpressionWhenNullChecking3" classname="org.apache.calcite.test.JdbcTest" time="0.033"/>
  <testcase name="testReuseExpressionWhenNullChecking4" classname="org.apache.calcite.test.JdbcTest" time="0.083"/>
  <testcase name="testReuseExpressionWhenNullChecking5" classname="org.apache.calcite.test.JdbcTest" time="0.064"/>
  <testcase name="testWithInsideWhereExists" classname="org.apache.calcite.test.JdbcTest" time="0.431"/>
  <testcase name="testWhereNullable" classname="org.apache.calcite.test.JdbcTest" time="0.025"/>
  <testcase name="testCurrentTimestamp" classname="org.apache.calcite.test.JdbcTest" time="1.018"/>
  <testcase name="testStartOfGroupLeadValueStep2" classname="org.apache.calcite.test.JdbcTest" time="0.156"/>
  <testcase name="testLexOracle" classname="org.apache.calcite.test.JdbcTest" time="0.001"/>
  <testcase name="testMetaTables" classname="org.apache.calcite.test.JdbcTest" time="0.052"/>
  <testcase name="testModelImmutableSchemaCannotContainView" classname="org.apache.calcite.test.JdbcTest" time="0.01"/>
  <testcase name="testDistinctCount" classname="org.apache.calcite.test.JdbcTest" time="1.469"/>
  <testcase name="testLagExpressionOffset" classname="org.apache.calcite.test.JdbcTest" time="0.089"/>
  <testcase name="testAlmostBushy" classname="org.apache.calcite.test.JdbcTest" time="1.043"/>
  <testcase name="testDistinctCountComposite" classname="org.apache.calcite.test.JdbcTest" time="1.088"/>
  <testcase name="testJoinFiveWay" classname="org.apache.calcite.test.JdbcTest" time="0">
    <skipped/>
  </testcase>
  <testcase name="testUnnestArrayColumn" classname="org.apache.calcite.test.JdbcTest" time="0.061"/>
  <testcase name="testWinAggPartitionByConstant" classname="org.apache.calcite.test.JdbcTest" time="0.054"/>
  <testcase name="testLexCaseInsensitiveSubQueryField" classname="org.apache.calcite.test.JdbcTest" time="0.022"/>
  <testcase name="testModelCustomTableArrayRowSingleColumn" classname="org.apache.calcite.test.JdbcTest" time="0.022"/>
  <testcase name="testCloneGroupBy2" classname="org.apache.calcite.test.JdbcTest" time="0">
    <skipped message="The test returns expected results. Not sure why it is disabled"/>
  </testcase>
  <testcase name="testModelWithMaterializedView" classname="org.apache.calcite.test.JdbcTest" time="0">
    <skipped message="until JdbcSchema can define materialized views"/>
  </testcase>
  <testcase name="testTableMacroWithNamedParameters" classname="org.apache.calcite.test.JdbcTest" time="11.751"/>
  <testcase name="testCloneGroupBy" classname="org.apache.calcite.test.JdbcTest" time="5.338"/>
  <testcase name="testUnnestArray" classname="org.apache.calcite.test.JdbcTest" time="0.063"/>
  <testcase name="testOrderByDescNullsLast" classname="org.apache.calcite.test.JdbcTest" time="0.154"/>
  <testcase name="testModelWithInvalidModifiableView" classname="org.apache.calcite.test.JdbcTest" time="0.349"/>
  <testcase name="testStatementCloseOnCompletion" classname="org.apache.calcite.test.JdbcTest" time="0.017"/>
  <testcase name="testOrderByCase" classname="org.apache.calcite.test.JdbcTest" time="0.192"/>
  <testcase name="testOrderByCast" classname="org.apache.calcite.test.JdbcTest" time="0.315"/>
  <testcase name="testOrderByDesc" classname="org.apache.calcite.test.JdbcTest" time="0.131"/>
  <testcase name="testOrderByExpr" classname="org.apache.calcite.test.JdbcTest" time="0.031"/>
  <testcase name="testOrderByView" classname="org.apache.calcite.test.JdbcTest" time="0.238"/>
  <testcase name="testSelfJoinCount" classname="org.apache.calcite.test.JdbcTest" time="0.28"/>
  <testcase name="testGetTimestampObject" classname="org.apache.calcite.test.JdbcTest" time="0.116"/>
  <testcase name="testCartesianJoin" classname="org.apache.calcite.test.JdbcTest" time="0.109"/>
  <testcase name="testModelWithComment" classname="org.apache.calcite.test.JdbcTest" time="0.181"/>
  <testcase name="testExplainJoinOrderingWithOr" classname="org.apache.calcite.test.JdbcTest" time="0">
    <skipped/>
  </testcase>
  <testcase name="testLexMySQLANSI" classname="org.apache.calcite.test.JdbcTest" time="0.001"/>
  <testcase name="testWinAggOrderByConstant" classname="org.apache.calcite.test.JdbcTest" time="0.058"/>
  <testcase name="testWinAggFirstValueEmptyWindow" classname="org.apache.calcite.test.JdbcTest" time="0.11"/>
  <testcase name="testNtileNegativeArg" classname="org.apache.calcite.test.JdbcTest" time="0.028"/>
  <testcase name="testWhereOrAndNullable" classname="org.apache.calcite.test.JdbcTest" time="0.109"/>
  <testcase name="testJdbcTimestamp" classname="org.apache.calcite.test.JdbcTest" time="0.157"/>
  <testcase name="testOrderByVarious" classname="org.apache.calcite.test.JdbcTest" time="4.061"/>
  <testcase name="testStartOfGroupLastValueStep1" classname="org.apache.calcite.test.JdbcTest" time="0.13"/>
  <testcase name="testStartOfGroupLastValueStep2" classname="org.apache.calcite.test.JdbcTest" time="0.182"/>
  <testcase name="testStartOfGroupLastValueStep3" classname="org.apache.calcite.test.JdbcTest" time="0.556"/>
  <testcase name="testMultisetQuery" classname="org.apache.calcite.test.JdbcTest" time="0.051"/>
  <testcase name="testTrivialSort" classname="org.apache.calcite.test.JdbcTest" time="0.041"/>
  <testcase name="testCountUnionAll" classname="org.apache.calcite.test.JdbcTest" time="0.06"/>
  <testcase name="testUnquotedCaseSensitiveSubQueryMySql" classname="org.apache.calcite.test.JdbcTest" time="0.128"/>
  <testcase name="testWinAggScalarNonNullPhysTypePlusOne" classname="org.apache.calcite.test.JdbcTest" time="0.282"/>
  <testcase name="testTrimFields" classname="org.apache.calcite.test.JdbcTest" time="0.04"/>
  <testcase name="testMultisetConstructor" classname="org.apache.calcite.test.JdbcTest" time="0.042"/>
  <testcase name="testComparingIntAndString" classname="org.apache.calcite.test.JdbcTest" time="0">
    <skipped message="Fails with org.codehaus.commons.compiler.CompileException: Line 16, Column 112: Cannot compare types &quot;int&quot; and &quot;java.lang.String&quot;&#10;"/>
  </testcase>
  <testcase name="testCloneQueries" classname="org.apache.calcite.test.JdbcTest" time="0">
    <skipped/>
  </testcase>
  <testcase name="testMapSchemaDirectConnection" classname="org.apache.calcite.test.JdbcTest" time="0.011"/>
  <testcase name="testMockDdl" classname="org.apache.calcite.test.JdbcTest" time="0.014"/>
  <testcase name="testThetaJoin" classname="org.apache.calcite.test.JdbcTest" time="0.124"/>
  <testcase name="testDistinctCount2" classname="org.apache.calcite.test.JdbcTest" time="0.885"/>
  <testcase name="testStartOfGroupLagValueStep2" classname="org.apache.calcite.test.JdbcTest" time="0.204"/>
  <testcase name="testStaticTableMacroInModel" classname="org.apache.calcite.test.JdbcTest" time="0.027"/>
  <testcase name="testWinAgg2" classname="org.apache.calcite.test.JdbcTest" time="0.367"/>
  <testcase name="testGroupingSets" classname="org.apache.calcite.test.JdbcTest" time="0.059"/>
  <testcase name="testOrderSorted" classname="org.apache.calcite.test.JdbcTest" time="0.148"/>
  <testcase name="testGroupBy1Max1" classname="org.apache.calcite.test.JdbcTest" time="0.048"/>
  <testcase name="testArrayIndexing" classname="org.apache.calcite.test.JdbcTest" time="0.033"/>
  <testcase name="testGetByName" classname="org.apache.calcite.test.JdbcTest" time="0.025"/>
  <testcase name="testJoinCorrelatedScalarSubquery" classname="org.apache.calcite.test.JdbcTest" time="0.686"/>
  <testcase name="testGetTimestamp" classname="org.apache.calcite.test.JdbcTest" time="0.042"/>
  <testcase name="testScalarSubQuery" classname="org.apache.calcite.test.JdbcTest" time="0.139"/>
  <testcase name="testJdbcSchemaDirectConnection" classname="org.apache.calcite.test.JdbcTest" time="0.282"/>
  <testcase name="testGroupByMax1IsNull" classname="org.apache.calcite.test.JdbcTest" time="0.066"/>
  <testcase name="testSimpleIn" classname="org.apache.calcite.test.JdbcTest" time="0.222"/>
  <testcase name="testUnnestArrayScalarArrayWithOrdinal" classname="org.apache.calcite.test.JdbcTest" time="0.092"/>
  <testcase name="testArray2" classname="org.apache.calcite.test.JdbcTest" time="0.056"/>
  <testcase name="testStaticTableFunctionInModel" classname="org.apache.calcite.test.JdbcTest" time="0.062"/>
  <testcase name="testDialect" classname="org.apache.calcite.test.JdbcTest" time="0.119"/>
  <testcase name="testLagDefaultValue" classname="org.apache.calcite.test.JdbcTest" time="0.11"/>
  <testcase name="testExplainJoin2" classname="org.apache.calcite.test.JdbcTest" time="0">
    <skipped/>
  </testcase>
  <testcase name="testExplainJoin3" classname="org.apache.calcite.test.JdbcTest" time="0">
    <skipped/>
  </testcase>
  <testcase name="testExplainJoin4" classname="org.apache.calcite.test.JdbcTest" time="0">
    <skipped/>
  </testcase>
  <testcase name="testOnConnectionClose" classname="org.apache.calcite.test.JdbcTest" time="0.02"/>
  <testcase name="testModelCustomTable" classname="org.apache.calcite.test.JdbcTest" time="0.03"/>
  <testcase name="testNotInQueryWithNull" classname="org.apache.calcite.test.JdbcTest" time="0.172"/>
  <testcase name="testJoinInCorrelatedSubquery" classname="org.apache.calcite.test.JdbcTest" time="0.237"/>
  <testcase name="testTableFunction" classname="org.apache.calcite.test.JdbcTest" time="0.032"/>
  <testcase name="testReduceCompositeCountNotNullable" classname="org.apache.calcite.test.JdbcTest" time="0.057"/>
  <testcase name="testDifferentTypesSameFields" classname="org.apache.calcite.test.JdbcTest" time="0.02"/>
  <testcase name="testOrderByDescNullsFirst" classname="org.apache.calcite.test.JdbcTest" time="0.145"/>
  <testcase name="testTableFunctionCursorInputs" classname="org.apache.calcite.test.JdbcTest" time="0">
    <skipped message="CannotPlanException: Node [rel#18:Subset#4.ENUMERABLE.[]] could not be implemented"/>
  </testcase>
  <testcase name="testJanino169" classname="org.apache.calcite.test.JdbcTest" time="0.113"/>
  <testcase name="testUnnestMultiset2" classname="org.apache.calcite.test.JdbcTest" time="0.037"/>
  <testcase name="testMultisetQueryWithSingleColumn" classname="org.apache.calcite.test.JdbcTest" time="0.073"/>
  <testcase name="testSelectWithoutFrom" classname="org.apache.calcite.test.JdbcTest" time="0.02"/>
  <testcase name="testNtile1" classname="org.apache.calcite.test.JdbcTest" time="0.126"/>
  <testcase name="testNtile2" classname="org.apache.calcite.test.JdbcTest" time="0.09"/>
  <testcase name="testMetaDataPrimaryKeys" classname="org.apache.calcite.test.JdbcTest" time="0"/>
  <testcase name="testWinIntervalFrame" classname="org.apache.calcite.test.JdbcTest" time="0.136"/>
  <testcase name="testScalarSubQueryUncorrelated" classname="org.apache.calcite.test.JdbcTest" time="0.061"/>
  <testcase name="testOverUnboundedPreceding" classname="org.apache.calcite.test.JdbcTest" time="0.085"/>
  <testcase name="testTableMacroInModel" classname="org.apache.calcite.test.JdbcTest" time="0.024"/>
  <testcase name="testUnionWithSameColumnNames" classname="org.apache.calcite.test.JdbcTest" time="0.065"/>
  <testcase name="testReadme" classname="org.apache.calcite.test.JdbcTest" time="0.086"/>
  <testcase name="testRollup" classname="org.apache.calcite.test.JdbcTest" time="0.053"/>
  <testcase name="testSimple" classname="org.apache.calcite.test.JdbcTest" time="0.001"/>
  <testcase name="testOrderByOnSortedTable" classname="org.apache.calcite.test.JdbcTest" time="0.117"/>
  <testcase name="testSqlAdvisorSchemaNames" classname="org.apache.calcite.test.JdbcTest" time="0.031"/>
  <testcase name="testWinAggFirstValueDesc" classname="org.apache.calcite.test.JdbcTest" time="0.11"/>
  <testcase name="testNullableTimestamp" classname="org.apache.calcite.test.JdbcTest" time="0.166"/>
  <testcase name="testValues" classname="org.apache.calcite.test.JdbcTest" time="0.013"/>
  <testcase name="testTrimFieldsOver" classname="org.apache.calcite.test.JdbcTest" time="0.094"/>
  <testcase name="testSumOverPossiblyEmptyWindow" classname="org.apache.calcite.test.JdbcTest" time="0.101"/>
  <testcase name="testWinAgg" classname="org.apache.calcite.test.JdbcTest" time="0.279"/>
  <testcase name="testPreparedStatement" classname="org.apache.calcite.test.JdbcTest" time="0.081"/>
  <testcase name="testNestedArray" classname="org.apache.calcite.test.JdbcTest" time="0.038"/>
  <testcase name="testSchemaCaching" classname="org.apache.calcite.test.JdbcTest" time="0.004"/>
  <testcase name="testReduceCountNotNullable" classname="org.apache.calcite.test.JdbcTest" time="0.07"/>
  <testcase name="testScalarSubQueryInCase" classname="org.apache.calcite.test.JdbcTest" time="0.409"/>
  <testcase name="testSelfJoin" classname="org.apache.calcite.test.JdbcTest" time="0.356"/>
  <testcase name="testJoinManyWay" classname="org.apache.calcite.test.JdbcTest" time="33.378"/>
  <testcase name="testLagInvalidOffsetArgument" classname="org.apache.calcite.test.JdbcTest" time="0.034"/>
  <testcase name="testWinAggConstant" classname="org.apache.calcite.test.JdbcTest" time="0.049"/>
  <testcase name="testValuesCompositeRenamedSameNames" classname="org.apache.calcite.test.JdbcTest" time="0.035"/>
  <testcase name="testStartOfGroupLagStep1" classname="org.apache.calcite.test.JdbcTest" time="0.135"/>
  <testcase name="testStartOfGroupLagStep3" classname="org.apache.calcite.test.JdbcTest" time="0.533"/>
  <testcase name="testCountStar" classname="org.apache.calcite.test.JdbcTest" time="0.047"/>
  <testcase name="testGroupByNoAggregatesAllColumns" classname="org.apache.calcite.test.JdbcTest" time="0.058"/>
  <testcase name="testFullJoin" classname="org.apache.calcite.test.JdbcTest" time="0.045"/>
  <testcase name="testDistinctCountSimple" classname="org.apache.calcite.test.JdbcTest" time="0.877"/>
  <testcase name="testTableMacro" classname="org.apache.calcite.test.JdbcTest" time="0.039"/>
  <testcase name="testTableFunctionInModel" classname="org.apache.calcite.test.JdbcTest" time="0.066"/>
  <testcase name="testUnnestArrayScalarArrayAliased" classname="org.apache.calcite.test.JdbcTest" time="0.06"/>
  <testcase name="testWinAggConstantMultipleConstants" classname="org.apache.calcite.test.JdbcTest" time="0.051"/>
</testsuite>