<?xml version="1.0" encoding="UTF-8"?>
<testsuite name="org.apache.calcite.sql.parser.SqlUnParserTest" time="9.297" tests="255" errors="0" skipped="4" failures="0">
  <properties>
    <property name="java.runtime.name" value="Java(TM) SE Runtime Environment"/>
    <property name="sun.boot.library.path" value="C:\Program Files\Java\jdk1.8.0_111\jre\bin"/>
    <property name="java.vm.version" value="25.111-b14"/>
    <property name="user.country.format" value="HR"/>
    <property name="hsqldb.reconfig_logging" value="false"/>
    <property name="java.vm.vendor" value="Oracle Corporation"/>
    <property name="maven.multiModuleProjectDirectory" value="C:\Users\DELL.DELL-PC\Desktop\Projekt\Kod\apache-calcite-1.10.0-src"/>
    <property name="java.vendor.url" value="http://java.oracle.com/"/>
    <property name="path.separator" value=";"/>
    <property name="guice.disable.misplaced.annotation.check" value="true"/>
    <property name="java.vm.name" value="Java HotSpot(TM) 64-Bit Server VM"/>
    <property name="file.encoding.pkg" value="sun.io"/>
    <property name="user.script" value=""/>
    <property name="user.country" value="US"/>
    <property name="sun.java.launcher" value="SUN_STANDARD"/>
    <property name="sun.os.patch.level" value="Service Pack 1"/>
    <property name="java.vm.specification.name" value="Java Virtual Machine Specification"/>
    <property name="user.dir" value="C:\Users\DELL.DELL-PC\Desktop\Projekt\Kod\apache-calcite-1.10.0-src\core"/>
    <property name="forkCount" value="0"/>
    <property name="java.runtime.version" value="1.8.0_111-b14"/>
    <property name="java.awt.graphicsenv" value="sun.awt.Win32GraphicsEnvironment"/>
    <property name="basedir" value="C:\Users\DELL.DELL-PC\Desktop\Projekt\Kod\apache-calcite-1.10.0-src\core"/>
    <property name="java.endorsed.dirs" value="C:\Program Files\Java\jdk1.8.0_111\jre\lib\endorsed"/>
    <property name="os.arch" value="amd64"/>
    <property name="java.io.tmpdir" value="C:\Users\DELL~1.DEL\AppData\Local\Temp\"/>
    <property name="line.separator" value="&#10;"/>
    <property name="java.vm.specification.vendor" value="Oracle Corporation"/>
    <property name="user.variant" value=""/>
    <property name="os.name" value="Windows 7"/>
    <property name="classworlds.conf" value="C:\Users\DELL.DELL-PC\Desktop\Projekt\Projekt\.metadata\.plugins\org.eclipse.m2e.launching\launches\m2conf8814765529561049191.tmp"/>
    <property name="sun.jnu.encoding" value="Cp1250"/>
    <property name="java.library.path" value="C:\Program Files\Java\jdk1.8.0_111\bin;C:\Windows\Sun\Java\bin;C:\Windows\system32;C:\Windows;C:\Program Files\Java\jdk1.8.0_111\jre\bin;C:/Program Files/Java/jre1.8.0_111/bin/server;C:/Program Files/Java/jre1.8.0_111/bin;C:/Program Files/Java/jre1.8.0_111/lib/amd64;C:\ProgramData\Oracle\Java\javapath;C:\oraclexe\app\oracle\product\11.2.0\server\bin;C:\Program Files (x86)\NVIDIA Corporation\PhysX\Common;C:\Windows\system32;C:\Windows;C:\Windows\System32\Wbem;C:\Windows\System32\WindowsPowerShell\v1.0\;C:\Program Files\Intel\WiFi\bin\;C:\Program Files\Common Files\Intel\WirelessCommon\;C:\Program Files (x86)\MATLAB\R2013a\runtime\win32;C:\Program Files (x86)\MATLAB\R2013a\bin;C:\Users\DELL.DELL-PC\Desktop\eclipse\apache-maven-3.3.3\bin;C:\Program Files\Git\cmd  ;C:\MinGW\bin;C:\msys\1.0\bin;C:\MinGW\msys\1.0\bin ;C:\Program Files (x86)\RemObjects Software\Elements\bin;C:\Dwimperl\perl\bin;C:\Dwimperl\perl\site\bin;C:\Dwimperl\c\bin;C:\Program Files\ActivIdentity\ActivClient\;C:\Users\DELL.DELL-PC\AppData\Local\Programs\Python\Python35-32\Scripts\;C:\Users\DELL.DELL-PC\AppData\Local\Programs\Python\Python35-32\;C:\Program Files\Intel\WiFi\bin\;C:\Program Files\Common Files\Intel\WirelessCommon\;C:\Users\DELL.DELL-PC\Desktop\eclipse;;."/>
    <property name="surefire.test.class.path" value="C:\Users\DELL.DELL-PC\Desktop\Projekt\Kod\apache-calcite-1.10.0-src\core\target\test-classes;C:\Users\DELL.DELL-PC\Desktop\Projekt\Kod\apache-calcite-1.10.0-src\core\target\classes;C:\Users\DELL.DELL-PC\.m2\repository\org\apache\calcite\avatica\avatica\1.8.0\avatica-1.8.0.jar;C:\Users\DELL.DELL-PC\.m2\repository\org\apache\calcite\avatica\avatica-metrics\1.8.0\avatica-metrics-1.8.0.jar;C:\Users\DELL.DELL-PC\.m2\repository\com\fasterxml\jackson\core\jackson-core\2.6.3\jackson-core-2.6.3.jar;C:\Users\DELL.DELL-PC\.m2\repository\com\fasterxml\jackson\core\jackson-annotations\2.6.3\jackson-annotations-2.6.3.jar;C:\Users\DELL.DELL-PC\.m2\repository\com\fasterxml\jackson\core\jackson-databind\2.6.3\jackson-databind-2.6.3.jar;C:\Users\DELL.DELL-PC\.m2\repository\com\google\protobuf\protobuf-java\3.0.0-beta-1\protobuf-java-3.0.0-beta-1.jar;C:\Users\DELL.DELL-PC\.m2\repository\org\apache\httpcomponents\httpclient\4.5.2\httpclient-4.5.2.jar;C:\Users\DELL.DELL-PC\.m2\repository\commons-codec\commons-codec\1.9\commons-codec-1.9.jar;C:\Users\DELL.DELL-PC\.m2\repository\org\apache\httpcomponents\httpcore\4.4.4\httpcore-4.4.4.jar;C:\Users\DELL.DELL-PC\Desktop\Projekt\Kod\apache-calcite-1.10.0-src\linq4j\target\classes;C:\Users\DELL.DELL-PC\.m2\repository\org\apache\calcite\avatica\avatica-server\1.8.0\avatica-server-1.8.0.jar;C:\Users\DELL.DELL-PC\.m2\repository\javax\servlet\javax.servlet-api\3.0.1\javax.servlet-api-3.0.1.jar;C:\Users\DELL.DELL-PC\.m2\repository\org\eclipse\jetty\jetty-security\9.2.15.v20160210\jetty-security-9.2.15.v20160210.jar;C:\Users\DELL.DELL-PC\.m2\repository\org\eclipse\jetty\jetty-server\9.2.15.v20160210\jetty-server-9.2.15.v20160210.jar;C:\Users\DELL.DELL-PC\.m2\repository\org\eclipse\jetty\jetty-http\9.2.15.v20160210\jetty-http-9.2.15.v20160210.jar;C:\Users\DELL.DELL-PC\.m2\repository\org\eclipse\jetty\jetty-io\9.2.15.v20160210\jetty-io-9.2.15.v20160210.jar;C:\Users\DELL.DELL-PC\.m2\repository\org\eclipse\jetty\jetty-util\9.2.15.v20160210\jetty-util-9.2.15.v20160210.jar;C:\Users\DELL.DELL-PC\.m2\repository\commons-dbcp\commons-dbcp\1.4\commons-dbcp-1.4.jar;C:\Users\DELL.DELL-PC\.m2\repository\commons-pool\commons-pool\1.5.4\commons-pool-1.5.4.jar;C:\Users\DELL.DELL-PC\.m2\repository\org\apache\commons\commons-lang3\3.2\commons-lang3-3.2.jar;C:\Users\DELL.DELL-PC\.m2\repository\com\google\code\findbugs\jsr305\1.3.9\jsr305-1.3.9.jar;C:\Users\DELL.DELL-PC\.m2\repository\com\google\guava\guava\18.0\guava-18.0.jar;C:\Users\DELL.DELL-PC\.m2\repository\com\h2database\h2\1.4.185\h2-1.4.185.jar;C:\Users\DELL.DELL-PC\.m2\repository\junit\junit\4.12\junit-4.12.jar;C:\Users\DELL.DELL-PC\.m2\repository\mysql\mysql-connector-java\5.1.20\mysql-connector-java-5.1.20.jar;C:\Users\DELL.DELL-PC\.m2\repository\net\hydromatic\eigenbase-properties\1.1.5\eigenbase-properties-1.1.5.jar;C:\Users\DELL.DELL-PC\.m2\repository\net\hydromatic\foodmart-data-hsqldb\0.3\foodmart-data-hsqldb-0.3.jar;C:\Users\DELL.DELL-PC\.m2\repository\net\hydromatic\foodmart-queries\0.4.1\foodmart-queries-0.4.1.jar;C:\Users\DELL.DELL-PC\.m2\repository\net\hydromatic\quidem\0.7\quidem-0.7.jar;C:\Users\DELL.DELL-PC\.m2\repository\net\hydromatic\scott-data-hsqldb\0.1\scott-data-hsqldb-0.1.jar;C:\Users\DELL.DELL-PC\.m2\repository\org\codehaus\janino\janino\2.7.6\janino-2.7.6.jar;C:\Users\DELL.DELL-PC\.m2\repository\org\codehaus\janino\commons-compiler\2.7.6\commons-compiler-2.7.6.jar;C:\Users\DELL.DELL-PC\.m2\repository\org\hsqldb\hsqldb\2.3.1\hsqldb-2.3.1.jar;C:\Users\DELL.DELL-PC\.m2\repository\org\incava\java-diff\1.1\java-diff-1.1.jar;C:\Users\DELL.DELL-PC\.m2\repository\org\hamcrest\hamcrest-core\1.3\hamcrest-core-1.3.jar;C:\Users\DELL.DELL-PC\.m2\repository\org\pentaho\pentaho-aggdesigner-algorithm\5.1.5-jhyde\pentaho-aggdesigner-algorithm-5.1.5-jhyde.jar;C:\Users\DELL.DELL-PC\.m2\repository\commons-lang\commons-lang\2.4\commons-lang-2.4.jar;C:\Users\DELL.DELL-PC\.m2\repository\commons-logging\commons-logging\1.1.3\commons-logging-1.1.3.jar;C:\Users\DELL.DELL-PC\.m2\repository\org\postgresql\postgresql\9.3-1102-jdbc3\postgresql-9.3-1102-jdbc3.jar;C:\Users\DELL.DELL-PC\.m2\repository\org\slf4j\slf4j-api\1.7.13\slf4j-api-1.7.13.jar;C:\Users\DELL.DELL-PC\.m2\repository\org\slf4j\slf4j-log4j12\1.7.13\slf4j-log4j12-1.7.13.jar;C:\Users\DELL.DELL-PC\.m2\repository\log4j\log4j\1.2.17\log4j-1.2.17.jar;C:\Users\DELL.DELL-PC\.m2\repository\sqlline\sqlline\1.1.9\sqlline-1.1.9.jar;C:\Users\DELL.DELL-PC\.m2\repository\jline\jline\2.10\jline-2.10.jar;C:\Users\DELL.DELL-PC\.m2\repository\com\vividsolutions\jts\1.11\jts-1.11.jar;C:\Users\DELL.DELL-PC\.m2\repository\xerces\xercesImpl\2.9.1\xercesImpl-2.9.1.jar;C:\Users\DELL.DELL-PC\.m2\repository\xml-apis\xml-apis\1.3.04\xml-apis-1.3.04.jar;"/>
    <property name="java.specification.name" value="Java Platform API Specification"/>
    <property name="java.class.version" value="52.0"/>
    <property name="sun.management.compiler" value="HotSpot 64-Bit Tiered Compilers"/>
    <property name="os.version" value="6.1"/>
    <property name="user.home" value="C:\Users\DELL.DELL-PC"/>
    <property name="user.timezone" value="Europe/Belgrade"/>
    <property name="java.awt.printerjob" value="sun.awt.windows.WPrinterJob"/>
    <property name="java.specification.version" value="1.8"/>
    <property name="file.encoding" value="Cp1250"/>
    <property name="user.name" value="DELL"/>
    <property name="java.class.path" value="/C:/Users/DELL.DELL-PC/Desktop/eclipse/plugins/org.eclipse.m2e.maven.runtime_1.6.2.20150902-0001/jars/plexus-classworlds-2.5.2.jar"/>
    <property name="maven.surefire.debug" value="true"/>
    <property name="java.vm.specification.version" value="1.8"/>
    <property name="sun.arch.data.model" value="64"/>
    <property name="java.home" value="C:\Program Files\Java\jdk1.8.0_111\jre"/>
    <property name="sun.java.command" value="org.codehaus.plexus.classworlds.launcher.Launcher -DforkCount=0 -B -Dmaven.surefire.debug test"/>
    <property name="java.specification.vendor" value="Oracle Corporation"/>
    <property name="user.language" value="en"/>
    <property name="user.language.format" value="hr"/>
    <property name="awt.toolkit" value="sun.awt.windows.WToolkit"/>
    <property name="java.vm.info" value="mixed mode"/>
    <property name="java.version" value="1.8.0_111"/>
    <property name="java.ext.dirs" value="C:\Program Files\Java\jdk1.8.0_111\jre\lib\ext;C:\Windows\Sun\Java\lib\ext"/>
    <property name="sun.boot.class.path" value="C:\Program Files\Java\jdk1.8.0_111\jre\lib\resources.jar;C:\Program Files\Java\jdk1.8.0_111\jre\lib\rt.jar;C:\Program Files\Java\jdk1.8.0_111\jre\lib\sunrsasign.jar;C:\Program Files\Java\jdk1.8.0_111\jre\lib\jsse.jar;C:\Program Files\Java\jdk1.8.0_111\jre\lib\jce.jar;C:\Program Files\Java\jdk1.8.0_111\jre\lib\charsets.jar;C:\Program Files\Java\jdk1.8.0_111\jre\lib\jfr.jar;C:\Program Files\Java\jdk1.8.0_111\jre\classes"/>
    <property name="java.vendor" value="Oracle Corporation"/>
    <property name="maven.home" value="C:\Users\DELL.DELL-PC\Desktop\Projekt\Kod\apache-calcite-1.10.0-src\EMBEDDED"/>
    <property name="localRepository" value="C:\Users\DELL.DELL-PC\.m2\repository"/>
    <property name="file.separator" value="\"/>
    <property name="java.vendor.url.bug" value="http://bugreport.sun.com/bugreport/"/>
    <property name="sun.cpu.endian" value="little"/>
    <property name="sun.io.unicode.encoding" value="UnicodeLittle"/>
    <property name="sun.desktop" value="windows"/>
    <property name="sun.cpu.isalist" value="amd64"/>
  </properties>
  <testcase name="testUnparseableIntervalQualifiers" classname="org.apache.calcite.sql.parser.SqlUnParserTest" time="0.28"/>
  <testcase name="testStringLiteral" classname="org.apache.calcite.sql.parser.SqlUnParserTest" time="0.292"/>
  <testcase name="testIllegalUnicodeEscape" classname="org.apache.calcite.sql.parser.SqlUnParserTest" time="0"/>
  <testcase name="testArrayElement" classname="org.apache.calcite.sql.parser.SqlUnParserTest" time="0.012"/>
  <testcase name="testValuesExplicitRow" classname="org.apache.calcite.sql.parser.SqlUnParserTest" time="0.005"/>
  <testcase name="testUnionOfNonQueryFails" classname="org.apache.calcite.sql.parser.SqlUnParserTest" time="0"/>
  <testcase name="testWithNestedFails" classname="org.apache.calcite.sql.parser.SqlUnParserTest" time="0"/>
  <testcase name="testTabStop" classname="org.apache.calcite.sql.parser.SqlUnParserTest" time="0.003"/>
  <testcase name="testExplicitTableOrdered" classname="org.apache.calcite.sql.parser.SqlUnParserTest" time="0.004"/>
  <testcase name="testIsDistinctFrom" classname="org.apache.calcite.sql.parser.SqlUnParserTest" time="0.052"/>
  <testcase name="testDerivedColumnListInJoin" classname="org.apache.calcite.sql.parser.SqlUnParserTest" time="0.023"/>
  <testcase name="testBooleanPrecedenceAndAssociativity" classname="org.apache.calcite.sql.parser.SqlUnParserTest" time="0.033"/>
  <testcase name="testSchemaTableStar" classname="org.apache.calcite.sql.parser.SqlUnParserTest" time="0.027"/>
  <testcase name="testDescribeTable" classname="org.apache.calcite.sql.parser.SqlUnParserTest" time="0.015"/>
  <testcase name="testJoinOnParenthesesPlus" classname="org.apache.calcite.sql.parser.SqlUnParserTest" time="0"/>
  <testcase name="testDeleteWhere" classname="org.apache.calcite.sql.parser.SqlUnParserTest" time="0.006"/>
  <testcase name="testExplain" classname="org.apache.calcite.sql.parser.SqlUnParserTest" time="0.005"/>
  <testcase name="testExtract" classname="org.apache.calcite.sql.parser.SqlUnParserTest" time="0.042"/>
  <testcase name="testFunctionDefaultArgument" classname="org.apache.calcite.sql.parser.SqlUnParserTest" time="0.029"/>
  <testcase name="testMergeTableRefSource" classname="org.apache.calcite.sql.parser.SqlUnParserTest" time="0.036"/>
  <testcase name="testTimestampAdd" classname="org.apache.calcite.sql.parser.SqlUnParserTest" time="0.007"/>
  <testcase name="testLimitWithoutOrder" classname="org.apache.calcite.sql.parser.SqlUnParserTest" time="0.003"/>
  <testcase name="testNewSpecification" classname="org.apache.calcite.sql.parser.SqlUnParserTest" time="0.024"/>
  <testcase name="testEmbeddedCall" classname="org.apache.calcite.sql.parser.SqlUnParserTest" time="0">
    <skipped/>
  </testcase>
  <testcase name="testEmbeddedDate" classname="org.apache.calcite.sql.parser.SqlUnParserTest" time="0.005"/>
  <testcase name="testEmbeddedTime" classname="org.apache.calcite.sql.parser.SqlUnParserTest" time="0.005"/>
  <testcase name="testCompoundStar" classname="org.apache.calcite.sql.parser.SqlUnParserTest" time="0.018"/>
  <testcase name="testExistsInWhere" classname="org.apache.calcite.sql.parser.SqlUnParserTest" time="0.011"/>
  <testcase name="testFunctionInFunction" classname="org.apache.calcite.sql.parser.SqlUnParserTest" time="0.009"/>
  <testcase name="testOverlay" classname="org.apache.calcite.sql.parser.SqlUnParserTest" time="0.006"/>
  <testcase name="testParseNumber" classname="org.apache.calcite.sql.parser.SqlUnParserTest" time="0.056"/>
  <testcase name="testIsBooleanPrecedenceAndAssociativity" classname="org.apache.calcite.sql.parser.SqlUnParserTest" time="0.069"/>
  <testcase name="testSubMultisetrOf" classname="org.apache.calcite.sql.parser.SqlUnParserTest" time="0.004"/>
  <testcase name="testSqlInlineComment" classname="org.apache.calcite.sql.parser.SqlUnParserTest" time="0.01"/>
  <testcase name="testFoo" classname="org.apache.calcite.sql.parser.SqlUnParserTest" time="0"/>
  <testcase name="testNot" classname="org.apache.calcite.sql.parser.SqlUnParserTest" time="0.036"/>
  <testcase name="testRow" classname="org.apache.calcite.sql.parser.SqlUnParserTest" time="0.124"/>
  <testcase name="testCaseExpression" classname="org.apache.calcite.sql.parser.SqlUnParserTest" time="0.148"/>
  <testcase name="testEmbeddedTimestamp" classname="org.apache.calcite.sql.parser.SqlUnParserTest" time="0.022"/>
  <testcase name="testTimeDate" classname="org.apache.calcite.sql.parser.SqlUnParserTest" time="0.116"/>
  <testcase name="testCollectionTableWithCursorParam" classname="org.apache.calcite.sql.parser.SqlUnParserTest" time="0.022"/>
  <testcase name="testMultilineComment" classname="org.apache.calcite.sql.parser.SqlUnParserTest" time="0.078"/>
  <testcase name="testDerivedColumnListNoAs" classname="org.apache.calcite.sql.parser.SqlUnParserTest" time="0">
    <skipped/>
  </testcase>
  <testcase name="testPrecedenceSetOps" classname="org.apache.calcite.sql.parser.SqlUnParserTest" time="0.021"/>
  <testcase name="testCatalogSchemaTableStar" classname="org.apache.calcite.sql.parser.SqlUnParserTest" time="0.018"/>
  <testcase name="testSelectStream" classname="org.apache.calcite.sql.parser.SqlUnParserTest" time="0.004"/>
  <testcase name="testFloor" classname="org.apache.calcite.sql.parser.SqlUnParserTest" time="0.306"/>
  <testcase name="testGroup" classname="org.apache.calcite.sql.parser.SqlUnParserTest" time="0.014"/>
  <testcase name="testLimit" classname="org.apache.calcite.sql.parser.SqlUnParserTest" time="0.028"/>
  <testcase name="testOrder" classname="org.apache.calcite.sql.parser.SqlUnParserTest" time="0.01"/>
  <testcase name="testUnion" classname="org.apache.calcite.sql.parser.SqlUnParserTest" time="0.023"/>
  <testcase name="testWhere" classname="org.apache.calcite.sql.parser.SqlUnParserTest" time="0.013"/>
  <testcase name="testWith2" classname="org.apache.calcite.sql.parser.SqlUnParserTest" time="0.021"/>
  <testcase name="testCast" classname="org.apache.calcite.sql.parser.SqlUnParserTest" time="0.105"/>
  <testcase name="testCeil" classname="org.apache.calcite.sql.parser.SqlUnParserTest" time="0.271"/>
  <testcase name="testOver" classname="org.apache.calcite.sql.parser.SqlUnParserTest" time="0.166"/>
  <testcase name="testStar" classname="org.apache.calcite.sql.parser.SqlUnParserTest" time="0.003"/>
  <testcase name="testTrim" classname="org.apache.calcite.sql.parser.SqlUnParserTest" time="0.058"/>
  <testcase name="testWith" classname="org.apache.calcite.sql.parser.SqlUnParserTest" time="0.01"/>
  <testcase name="testDerivedColumnList" classname="org.apache.calcite.sql.parser.SqlUnParserTest" time="0.007"/>
  <testcase name="testSelectAll" classname="org.apache.calcite.sql.parser.SqlUnParserTest" time="0.006"/>
  <testcase name="testFullOuterJoin" classname="org.apache.calcite.sql.parser.SqlUnParserTest" time="0.006"/>
  <testcase name="testSubqueryInJoin" classname="org.apache.calcite.sql.parser.SqlUnParserTest" time="0"/>
  <testcase name="testFunctionWithDistinct" classname="org.apache.calcite.sql.parser.SqlUnParserTest" time="0.021"/>
  <testcase name="testNaturalCrossJoin" classname="org.apache.calcite.sql.parser.SqlUnParserTest" time="0.006"/>
  <testcase name="testBitStringNotImplemented" classname="org.apache.calcite.sql.parser.SqlUnParserTest" time="0"/>
  <testcase name="testNoUnintendedNewReservedKeywords" classname="org.apache.calcite.sql.parser.SqlUnParserTest" time="0.003"/>
  <testcase name="testSelectFromBareExplicitTableFails" classname="org.apache.calcite.sql.parser.SqlUnParserTest" time="0"/>
  <testcase name="testSelectStreamDistinct" classname="org.apache.calcite.sql.parser.SqlUnParserTest" time="0.003"/>
  <testcase name="testBackTickQuery" classname="org.apache.calcite.sql.parser.SqlUnParserTest" time="0.015"/>
  <testcase name="testAs" classname="org.apache.calcite.sql.parser.SqlUnParserTest" time="0.031"/>
  <testcase name="testParseNumberFails" classname="org.apache.calcite.sql.parser.SqlUnParserTest" time="0"/>
  <testcase name="testColumnAliasWithoutAs" classname="org.apache.calcite.sql.parser.SqlUnParserTest" time="0.004"/>
  <testcase name="testTableExtend" classname="org.apache.calcite.sql.parser.SqlUnParserTest" time="0.08"/>
  <testcase name="testInsertUnion" classname="org.apache.calcite.sql.parser.SqlUnParserTest" time="0.006"/>
  <testcase name="testExplicitTable" classname="org.apache.calcite.sql.parser.SqlUnParserTest" time="0.004"/>
  <testcase name="testCollectionTableWithColumnListParam" classname="org.apache.calcite.sql.parser.SqlUnParserTest" time="0.023"/>
  <testcase name="testIntervalLiterals" classname="org.apache.calcite.sql.parser.SqlUnParserTest" time="3.176"/>
  <testcase name="testInQueryWithComma" classname="org.apache.calcite.sql.parser.SqlUnParserTest" time="0.011"/>
  <testcase name="testMultisetExcept" classname="org.apache.calcite.sql.parser.SqlUnParserTest" time="0.014"/>
  <testcase name="testSelectIsNotDdl" classname="org.apache.calcite.sql.parser.SqlUnParserTest" time="0.002"/>
  <testcase name="testQuotedFunction" classname="org.apache.calcite.sql.parser.SqlUnParserTest" time="0"/>
  <testcase name="testBetween" classname="org.apache.calcite.sql.parser.SqlUnParserTest" time="0.152"/>
  <testcase name="testExceptionCleanup" classname="org.apache.calcite.sql.parser.SqlUnParserTest" time="0"/>
  <testcase name="testColumnAliasWithAs" classname="org.apache.calcite.sql.parser.SqlUnParserTest" time="0.005"/>
  <testcase name="testMultisetCast" classname="org.apache.calcite.sql.parser.SqlUnParserTest" time="0.009"/>
  <testcase name="testSelectWithoutFromWhereFails" classname="org.apache.calcite.sql.parser.SqlUnParserTest" time="0"/>
  <testcase name="testScalarQueryInSelect" classname="org.apache.calcite.sql.parser.SqlUnParserTest" time="0.024"/>
  <testcase name="testDescribeSchema" classname="org.apache.calcite.sql.parser.SqlUnParserTest" time="0.005"/>
  <testcase name="testLimitOffsetWithoutOrder" classname="org.apache.calcite.sql.parser.SqlUnParserTest" time="0.005"/>
  <testcase name="testSelectList3" classname="org.apache.calcite.sql.parser.SqlUnParserTest" time="0.01"/>
  <testcase name="testSelectList4" classname="org.apache.calcite.sql.parser.SqlUnParserTest" time="0"/>
  <testcase name="testLateral" classname="org.apache.calcite.sql.parser.SqlUnParserTest" time="0.032"/>
  <testcase name="testIllegalCursors" classname="org.apache.calcite.sql.parser.SqlUnParserTest" time="0"/>
  <testcase name="testInListEmptyFails" classname="org.apache.calcite.sql.parser.SqlUnParserTest" time="0.001"/>
  <testcase name="testTableSample" classname="org.apache.calcite.sql.parser.SqlUnParserTest" time="0.048"/>
  <testcase name="testSelectFromExplicitTable" classname="org.apache.calcite.sql.parser.SqlUnParserTest" time="0.005"/>
  <testcase name="testGroupByCube" classname="org.apache.calcite.sql.parser.SqlUnParserTest" time="0.009"/>
  <testcase name="testAggregateFilter" classname="org.apache.calcite.sql.parser.SqlUnParserTest" time="0.031"/>
  <testcase name="testTimestampDiff" classname="org.apache.calcite.sql.parser.SqlUnParserTest" time="0.008"/>
  <testcase name="testFullInnerJoinFails" classname="org.apache.calcite.sql.parser.SqlUnParserTest" time="0"/>
  <testcase name="testUpsertSelect" classname="org.apache.calcite.sql.parser.SqlUnParserTest" time="0.005"/>
  <testcase name="testSqlOptions" classname="org.apache.calcite.sql.parser.SqlUnParserTest" time="0.064"/>
  <testcase name="testCastToInterval" classname="org.apache.calcite.sql.parser.SqlUnParserTest" time="0.078"/>
  <testcase name="testCoalesce" classname="org.apache.calcite.sql.parser.SqlUnParserTest" time="0.011"/>
  <testcase name="testJdbcFunctionCall" classname="org.apache.calcite.sql.parser.SqlUnParserTest" time="0.032"/>
  <testcase name="testLiteral" classname="org.apache.calcite.sql.parser.SqlUnParserTest" time="0.04"/>
  <testcase name="testAliasedStar" classname="org.apache.calcite.sql.parser.SqlUnParserTest" time="0.009"/>
  <testcase name="testUpsertValues" classname="org.apache.calcite.sql.parser.SqlUnParserTest" time="0.01"/>
  <testcase name="testOuterJoinNoiseWord" classname="org.apache.calcite.sql.parser.SqlUnParserTest" time="0.017"/>
  <testcase name="testCollectionTableWithLateral2" classname="org.apache.calcite.sql.parser.SqlUnParserTest" time="0.017"/>
  <testcase name="testCollectionTableWithLateral3" classname="org.apache.calcite.sql.parser.SqlUnParserTest" time="0.015"/>
  <testcase name="testReverseSolidus" classname="org.apache.calcite.sql.parser.SqlUnParserTest" time="0.001"/>
  <testcase name="testTimestampAddAndDiff" classname="org.apache.calcite.sql.parser.SqlUnParserTest" time="0.158"/>
  <testcase name="testLikeAndSimilar" classname="org.apache.calcite.sql.parser.SqlUnParserTest" time="0.261"/>
  <testcase name="testMiscIntervalQualifier" classname="org.apache.calcite.sql.parser.SqlUnParserTest" time="0.012"/>
  <testcase name="testPrecedence2b" classname="org.apache.calcite.sql.parser.SqlUnParserTest" time="0.002"/>
  <testcase name="testCharLength" classname="org.apache.calcite.sql.parser.SqlUnParserTest" time="0.007"/>
  <testcase name="testSelectDistinct" classname="org.apache.calcite.sql.parser.SqlUnParserTest" time="0.002"/>
  <testcase name="testExplainWithImpl" classname="org.apache.calcite.sql.parser.SqlUnParserTest" time="0.005"/>
  <testcase name="testExplainWithType" classname="org.apache.calcite.sql.parser.SqlUnParserTest" time="0.011"/>
  <testcase name="testOrderInternal" classname="org.apache.calcite.sql.parser.SqlUnParserTest" time="0.02"/>
  <testcase name="testPrecedence0" classname="org.apache.calcite.sql.parser.SqlUnParserTest" time="0.006"/>
  <testcase name="testPrecedence1" classname="org.apache.calcite.sql.parser.SqlUnParserTest" time="0.013"/>
  <testcase name="testPrecedence2" classname="org.apache.calcite.sql.parser.SqlUnParserTest" time="0.001"/>
  <testcase name="testPrecedence3" classname="org.apache.calcite.sql.parser.SqlUnParserTest" time="0.003"/>
  <testcase name="testPrecedence4" classname="org.apache.calcite.sql.parser.SqlUnParserTest" time="0.003"/>
  <testcase name="testPrecedence5" classname="org.apache.calcite.sql.parser.SqlUnParserTest" time="0.005"/>
  <testcase name="testElementFunc" classname="org.apache.calcite.sql.parser.SqlUnParserTest" time="0.003"/>
  <testcase name="testOrderUnion" classname="org.apache.calcite.sql.parser.SqlUnParserTest" time="0"/>
  <testcase name="testOrderOffsetFetch" classname="org.apache.calcite.sql.parser.SqlUnParserTest" time="0.049"/>
  <testcase name="testMapItemPrecedence" classname="org.apache.calcite.sql.parser.SqlUnParserTest" time="0.027"/>
  <testcase name="testArithmeticOperators" classname="org.apache.calcite.sql.parser.SqlUnParserTest" time="0.03"/>
  <testcase name="testMemberOf" classname="org.apache.calcite.sql.parser.SqlUnParserTest" time="0.012"/>
  <testcase name="testUnicodeEscapedLiteral" classname="org.apache.calcite.sql.parser.SqlUnParserTest" time="0.014"/>
  <testcase name="testJoinCross" classname="org.apache.calcite.sql.parser.SqlUnParserTest" time="0.008"/>
  <testcase name="testJoinQuery" classname="org.apache.calcite.sql.parser.SqlUnParserTest" time="0.009"/>
  <testcase name="testJoinUsing" classname="org.apache.calcite.sql.parser.SqlUnParserTest" time="0.005"/>
  <testcase name="testAddCarets" classname="org.apache.calcite.sql.parser.SqlUnParserTest" time="0"/>
  <testcase name="testSelectWithoutFromHavingFails" classname="org.apache.calcite.sql.parser.SqlUnParserTest" time="0"/>
  <testcase name="testCardinalityFunc" classname="org.apache.calcite.sql.parser.SqlUnParserTest" time="0.003"/>
  <testcase name="testSelectWithoutFromGroupByFails" classname="org.apache.calcite.sql.parser.SqlUnParserTest" time="0"/>
  <testcase name="testSelectDistinctWithoutFrom" classname="org.apache.calcite.sql.parser.SqlUnParserTest" time="0.007"/>
  <testcase name="testMetadata" classname="org.apache.calcite.sql.parser.SqlUnParserTest" time="0.001"/>
  <testcase name="testCollectionTableWithLateral" classname="org.apache.calcite.sql.parser.SqlUnParserTest" time="0.014"/>
  <testcase name="testLongIdentifiers" classname="org.apache.calcite.sql.parser.SqlUnParserTest" time="0.006"/>
  <testcase name="testHexAndBinaryString" classname="org.apache.calcite.sql.parser.SqlUnParserTest" time="0.021"/>
  <testcase name="testScalarQueryInWhere" classname="org.apache.calcite.sql.parser.SqlUnParserTest" time="0.024"/>
  <testcase name="testCaseExpressionFails" classname="org.apache.calcite.sql.parser.SqlUnParserTest" time="0.001"/>
  <testcase name="testMapItem" classname="org.apache.calcite.sql.parser.SqlUnParserTest" time="0.02"/>
  <testcase name="testOrderIllegalInExpression" classname="org.apache.calcite.sql.parser.SqlUnParserTest" time="0.013"/>
  <testcase name="testQueryInIllegalContext" classname="org.apache.calcite.sql.parser.SqlUnParserTest" time="0"/>
  <testcase name="testDateMinusDate" classname="org.apache.calcite.sql.parser.SqlUnParserTest" time="0.022"/>
  <testcase name="testMapValueConstructor" classname="org.apache.calcite.sql.parser.SqlUnParserTest" time="0.02"/>
  <testcase name="testIsBooleans" classname="org.apache.calcite.sql.parser.SqlUnParserTest" time="0.058"/>
  <testcase name="testJoinOnParentheses" classname="org.apache.calcite.sql.parser.SqlUnParserTest" time="0"/>
  <testcase name="testGroupEmpty" classname="org.apache.calcite.sql.parser.SqlUnParserTest" time="0.034"/>
  <testcase name="testOperateOnColumn" classname="org.apache.calcite.sql.parser.SqlUnParserTest" time="0.02"/>
  <testcase name="testOrderNullsFirst" classname="org.apache.calcite.sql.parser.SqlUnParserTest" time="0.011"/>
  <testcase name="testQuotesInString" classname="org.apache.calcite.sql.parser.SqlUnParserTest" time="0.003"/>
  <testcase name="testEmptyValues" classname="org.apache.calcite.sql.parser.SqlUnParserTest" time="0"/>
  <testcase name="testWindowInSubquery" classname="org.apache.calcite.sql.parser.SqlUnParserTest" time="0.022"/>
  <testcase name="testInnerOuterJoinFails" classname="org.apache.calcite.sql.parser.SqlUnParserTest" time="0"/>
  <testcase name="testMultisetMixed" classname="org.apache.calcite.sql.parser.SqlUnParserTest" time="0.022"/>
  <testcase name="testMultisetUnion" classname="org.apache.calcite.sql.parser.SqlUnParserTest" time="0.015"/>
  <testcase name="testAsAliases" classname="org.apache.calcite.sql.parser.SqlUnParserTest" time="0.025"/>
  <testcase name="testConvertAndTranslate" classname="org.apache.calcite.sql.parser.SqlUnParserTest" time="0.007"/>
  <testcase name="testJoinAssociativity" classname="org.apache.calcite.sql.parser.SqlUnParserTest" time="0">
    <skipped/>
  </testcase>
  <testcase name="testExplainWithoutImpl" classname="org.apache.calcite.sql.parser.SqlUnParserTest" time="0.005"/>
  <testcase name="testCollectionTable" classname="org.apache.calcite.sql.parser.SqlUnParserTest" time="0.005"/>
  <testcase name="testParensInFrom" classname="org.apache.calcite.sql.parser.SqlUnParserTest" time="0"/>
  <testcase name="testUnnestWithOrdinality" classname="org.apache.calcite.sql.parser.SqlUnParserTest" time="0.015"/>
  <testcase name="testGroupingSets" classname="org.apache.calcite.sql.parser.SqlUnParserTest" time="0.029"/>
  <testcase name="testWindowReference" classname="org.apache.calcite.sql.parser.SqlUnParserTest" time="0.005"/>
  <testcase name="testGroupByCube2" classname="org.apache.calcite.sql.parser.SqlUnParserTest" time="0.012"/>
  <testcase name="testExplicitTableInJoin" classname="org.apache.calcite.sql.parser.SqlUnParserTest" time="0.014"/>
  <testcase name="testMinusPrefixInExpression" classname="org.apache.calcite.sql.parser.SqlUnParserTest" time="0.004"/>
  <testcase name="testLessThanAssociativity" classname="org.apache.calcite.sql.parser.SqlUnParserTest" time="0.13"/>
  <testcase name="testGroupByRollup" classname="org.apache.calcite.sql.parser.SqlUnParserTest" time="0.007"/>
  <testcase name="testWindowSpec" classname="org.apache.calcite.sql.parser.SqlUnParserTest" time="0.041"/>
  <testcase name="testIntersect" classname="org.apache.calcite.sql.parser.SqlUnParserTest" time="0.015"/>
  <testcase name="testTableStarColumnFails" classname="org.apache.calcite.sql.parser.SqlUnParserTest" time="0"/>
  <testcase name="testIsNotDistinct" classname="org.apache.calcite.sql.parser.SqlUnParserTest" time="0.014"/>
  <testcase name="testGenerateKeyWords" classname="org.apache.calcite.sql.parser.SqlUnParserTest" time="0.104"/>
  <testcase name="testSubstring" classname="org.apache.calcite.sql.parser.SqlUnParserTest" time="0.022"/>
  <testcase name="testProcedureCall" classname="org.apache.calcite.sql.parser.SqlUnParserTest" time="0.005"/>
  <testcase name="testGrouping" classname="org.apache.calcite.sql.parser.SqlUnParserTest" time="0.013"/>
  <testcase name="testOverlaps" classname="org.apache.calcite.sql.parser.SqlUnParserTest" time="0.022"/>
  <testcase name="testConcat" classname="org.apache.calcite.sql.parser.SqlUnParserTest" time="0.002"/>
  <testcase name="testDelete" classname="org.apache.calcite.sql.parser.SqlUnParserTest" time="0.003"/>
  <testcase name="testBangEqualIsBad" classname="org.apache.calcite.sql.parser.SqlUnParserTest" time="0"/>
  <testcase name="testExcept" classname="org.apache.calcite.sql.parser.SqlUnParserTest" time="0.014"/>
  <testcase name="testExists" classname="org.apache.calcite.sql.parser.SqlUnParserTest" time="0.014"/>
  <testcase name="testFunctionNamedArgument" classname="org.apache.calcite.sql.parser.SqlUnParserTest" time="0.012"/>
  <testcase name="testMergeSelectSource" classname="org.apache.calcite.sql.parser.SqlUnParserTest" time="0.077"/>
  <testcase name="testInsertColumnList" classname="org.apache.calcite.sql.parser.SqlUnParserTest" time="0.006"/>
  <testcase name="testMultiset" classname="org.apache.calcite.sql.parser.SqlUnParserTest" time="0.038"/>
  <testcase name="testArrayValueConstructor" classname="org.apache.calcite.sql.parser.SqlUnParserTest" time="0.027"/>
  <testcase name="testWithNestedInSubquery" classname="org.apache.calcite.sql.parser.SqlUnParserTest" time="0.013"/>
  <testcase name="testInList" classname="org.apache.calcite.sql.parser.SqlUnParserTest" time="0.009"/>
  <testcase name="testIsASet" classname="org.apache.calcite.sql.parser.SqlUnParserTest" time="0.008"/>
  <testcase name="testWindowSpecPartial" classname="org.apache.calcite.sql.parser.SqlUnParserTest" time="0.037"/>
  <testcase name="testPosition" classname="org.apache.calcite.sql.parser.SqlUnParserTest" time="0.003"/>
  <testcase name="testJoinOn" classname="org.apache.calcite.sql.parser.SqlUnParserTest" time="0.014"/>
  <testcase name="testFromValues" classname="org.apache.calcite.sql.parser.SqlUnParserTest" time="0.014"/>
  <testcase name="testStringLiteralChain" classname="org.apache.calcite.sql.parser.SqlUnParserTest" time="0.022"/>
  <testcase name="testStringLiteralFails" classname="org.apache.calcite.sql.parser.SqlUnParserTest" time="0.008"/>
  <testcase name="testInQuery" classname="org.apache.calcite.sql.parser.SqlUnParserTest" time="0.007"/>
  <testcase name="testInSetop" classname="org.apache.calcite.sql.parser.SqlUnParserTest" time="0.014"/>
  <testcase name="testWithValues" classname="org.apache.calcite.sql.parser.SqlUnParserTest" time="0.018"/>
  <testcase name="testInvalidToken" classname="org.apache.calcite.sql.parser.SqlUnParserTest" time="0"/>
  <testcase name="testFromWithAs" classname="org.apache.calcite.sql.parser.SqlUnParserTest" time="0.005"/>
  <testcase name="testContinuedLiteral" classname="org.apache.calcite.sql.parser.SqlUnParserTest" time="0.02"/>
  <testcase name="testNotExists" classname="org.apache.calcite.sql.parser.SqlUnParserTest" time="0.009"/>
  <testcase name="testWithFails" classname="org.apache.calcite.sql.parser.SqlUnParserTest" time="0"/>
  <testcase name="testWithUnion" classname="org.apache.calcite.sql.parser.SqlUnParserTest" time="0.01"/>
  <testcase name="testSelectWithoutFrom" classname="org.apache.calcite.sql.parser.SqlUnParserTest" time="0.003"/>
  <testcase name="testNullIf" classname="org.apache.calcite.sql.parser.SqlUnParserTest" time="0.004"/>
  <testcase name="testFromValuesWithoutParens" classname="org.apache.calcite.sql.parser.SqlUnParserTest" time="0"/>
  <testcase name="testEmbeddedFunction" classname="org.apache.calcite.sql.parser.SqlUnParserTest" time="0">
    <skipped/>
  </testcase>
  <testcase name="testExplainInsert" classname="org.apache.calcite.sql.parser.SqlUnParserTest" time="0.008"/>
  <testcase name="testSelectWithoutFrom2" classname="org.apache.calcite.sql.parser.SqlUnParserTest" time="0.007"/>
  <testcase name="testDateTimeCast" classname="org.apache.calcite.sql.parser.SqlUnParserTest" time="0.016"/>
  <testcase name="testMixedFrom" classname="org.apache.calcite.sql.parser.SqlUnParserTest" time="0.01"/>
  <testcase name="testMixedStar" classname="org.apache.calcite.sql.parser.SqlUnParserTest" time="0.013"/>
  <testcase name="testIntervalOperators" classname="org.apache.calcite.sql.parser.SqlUnParserTest" time="0.028"/>
  <testcase name="testCastFails" classname="org.apache.calcite.sql.parser.SqlUnParserTest" time="0"/>
  <testcase name="testHavingBeforeGroupFails" classname="org.apache.calcite.sql.parser.SqlUnParserTest" time="0"/>
  <testcase name="testUnicodeLiteral" classname="org.apache.calcite.sql.parser.SqlUnParserTest" time="0.02"/>
  <testcase name="testHavingAfterGroup" classname="org.apache.calcite.sql.parser.SqlUnParserTest" time="0.016"/>
  <testcase name="testInsertSelect" classname="org.apache.calcite.sql.parser.SqlUnParserTest" time="0.005"/>
  <testcase name="testDescribeStatement" classname="org.apache.calcite.sql.parser.SqlUnParserTest" time="0.054"/>
  <testcase name="testUnnest" classname="org.apache.calcite.sql.parser.SqlUnParserTest" time="0.024"/>
  <testcase name="testUpdate" classname="org.apache.calcite.sql.parser.SqlUnParserTest" time="0.009"/>
  <testcase name="testValues" classname="org.apache.calcite.sql.parser.SqlUnParserTest" time="0.006"/>
  <testcase name="testIntervalArithmetics" classname="org.apache.calcite.sql.parser.SqlUnParserTest" time="0.081"/>
  <testcase name="testLimitUnion" classname="org.apache.calcite.sql.parser.SqlUnParserTest" time="0"/>
  <testcase name="testInsertValues" classname="org.apache.calcite.sql.parser.SqlUnParserTest" time="0.009"/>
  <testcase name="testTranslate3" classname="org.apache.calcite.sql.parser.SqlUnParserTest" time="0.007"/>
  <testcase name="testNestedSelect" classname="org.apache.calcite.sql.parser.SqlUnParserTest" time="0.004"/>
  <testcase name="testBackTickIdentifier" classname="org.apache.calcite.sql.parser.SqlUnParserTest" time="0.01"/>
  <testcase name="testSelectList" classname="org.apache.calcite.sql.parser.SqlUnParserTest" time="0.005"/>
  <testcase name="testLiteralCollate" classname="org.apache.calcite.sql.parser.SqlUnParserTest" time="0"/>
  <testcase name="testExplainUpsert" classname="org.apache.calcite.sql.parser.SqlUnParserTest" time="0.009"/>
  <testcase name="testHavingNoGroup" classname="org.apache.calcite.sql.parser.SqlUnParserTest" time="0.007"/>
  <testcase name="testIdentifier" classname="org.apache.calcite.sql.parser.SqlUnParserTest" time="0.011"/>
  <testcase name="testMultisetIntersect" classname="org.apache.calcite.sql.parser.SqlUnParserTest" time="0.013"/>
  <testcase name="testBracketIdentifier" classname="org.apache.calcite.sql.parser.SqlUnParserTest" time="0.019"/>
  <testcase name="testHexAndBinaryStringFails" classname="org.apache.calcite.sql.parser.SqlUnParserTest" time="0.006"/>
  <testcase name="testEqualNotEqual" classname="org.apache.calcite.sql.parser.SqlUnParserTest" time="0.017"/>
  <testcase name="testSequence" classname="org.apache.calcite.sql.parser.SqlUnParserTest" time="0.079"/>
  <testcase name="testUnionOrder" classname="org.apache.calcite.sql.parser.SqlUnParserTest" time="0.011"/>
  <testcase name="testQueryInFrom" classname="org.apache.calcite.sql.parser.SqlUnParserTest" time="0.011"/>
  <testcase name="testFunction" classname="org.apache.calcite.sql.parser.SqlUnParserTest" time="0.061"/>
  <testcase name="testIntervalCompare" classname="org.apache.calcite.sql.parser.SqlUnParserTest" time="0.044"/>
</testsuite>