<?xml version="1.0" encoding="UTF-8"?>
<testsuite name="org.apache.calcite.test.SqlToRelConverterTest" time="23.834" tests="223" errors="0" skipped="1" failures="0">
  <properties>
    <property name="java.runtime.name" value="Java(TM) SE Runtime Environment"/>
    <property name="sun.boot.library.path" value="C:\Program Files\Java\jdk1.8.0_111\jre\bin"/>
    <property name="java.vm.version" value="25.111-b14"/>
    <property name="user.country.format" value="HR"/>
    <property name="hsqldb.reconfig_logging" value="false"/>
    <property name="java.vm.vendor" value="Oracle Corporation"/>
    <property name="maven.multiModuleProjectDirectory" value="C:\Users\DELL.DELL-PC\Desktop\Projekt\Kod\apache-calcite-1.10.0-src"/>
    <property name="java.vendor.url" value="http://java.oracle.com/"/>
    <property name="path.separator" value=";"/>
    <property name="guice.disable.misplaced.annotation.check" value="true"/>
    <property name="java.vm.name" value="Java HotSpot(TM) 64-Bit Server VM"/>
    <property name="file.encoding.pkg" value="sun.io"/>
    <property name="user.script" value=""/>
    <property name="user.country" value="US"/>
    <property name="sun.java.launcher" value="SUN_STANDARD"/>
    <property name="sun.os.patch.level" value="Service Pack 1"/>
    <property name="java.vm.specification.name" value="Java Virtual Machine Specification"/>
    <property name="user.dir" value="C:\Users\DELL.DELL-PC\Desktop\Projekt\Kod\apache-calcite-1.10.0-src\core"/>
    <property name="forkCount" value="0"/>
    <property name="java.runtime.version" value="1.8.0_111-b14"/>
    <property name="java.awt.graphicsenv" value="sun.awt.Win32GraphicsEnvironment"/>
    <property name="basedir" value="C:\Users\DELL.DELL-PC\Desktop\Projekt\Kod\apache-calcite-1.10.0-src\core"/>
    <property name="java.endorsed.dirs" value="C:\Program Files\Java\jdk1.8.0_111\jre\lib\endorsed"/>
    <property name="os.arch" value="amd64"/>
    <property name="java.io.tmpdir" value="C:\Users\DELL~1.DEL\AppData\Local\Temp\"/>
    <property name="line.separator" value="&#10;"/>
    <property name="java.vm.specification.vendor" value="Oracle Corporation"/>
    <property name="user.variant" value=""/>
    <property name="os.name" value="Windows 7"/>
    <property name="classworlds.conf" value="C:\Users\DELL.DELL-PC\Desktop\Projekt\Projekt\.metadata\.plugins\org.eclipse.m2e.launching\launches\m2conf8814765529561049191.tmp"/>
    <property name="sun.jnu.encoding" value="Cp1250"/>
    <property name="java.library.path" value="C:\Program Files\Java\jdk1.8.0_111\bin;C:\Windows\Sun\Java\bin;C:\Windows\system32;C:\Windows;C:\Program Files\Java\jdk1.8.0_111\jre\bin;C:/Program Files/Java/jre1.8.0_111/bin/server;C:/Program Files/Java/jre1.8.0_111/bin;C:/Program Files/Java/jre1.8.0_111/lib/amd64;C:\ProgramData\Oracle\Java\javapath;C:\oraclexe\app\oracle\product\11.2.0\server\bin;C:\Program Files (x86)\NVIDIA Corporation\PhysX\Common;C:\Windows\system32;C:\Windows;C:\Windows\System32\Wbem;C:\Windows\System32\WindowsPowerShell\v1.0\;C:\Program Files\Intel\WiFi\bin\;C:\Program Files\Common Files\Intel\WirelessCommon\;C:\Program Files (x86)\MATLAB\R2013a\runtime\win32;C:\Program Files (x86)\MATLAB\R2013a\bin;C:\Users\DELL.DELL-PC\Desktop\eclipse\apache-maven-3.3.3\bin;C:\Program Files\Git\cmd  ;C:\MinGW\bin;C:\msys\1.0\bin;C:\MinGW\msys\1.0\bin ;C:\Program Files (x86)\RemObjects Software\Elements\bin;C:\Dwimperl\perl\bin;C:\Dwimperl\perl\site\bin;C:\Dwimperl\c\bin;C:\Program Files\ActivIdentity\ActivClient\;C:\Users\DELL.DELL-PC\AppData\Local\Programs\Python\Python35-32\Scripts\;C:\Users\DELL.DELL-PC\AppData\Local\Programs\Python\Python35-32\;C:\Program Files\Intel\WiFi\bin\;C:\Program Files\Common Files\Intel\WirelessCommon\;C:\Users\DELL.DELL-PC\Desktop\eclipse;;."/>
    <property name="surefire.test.class.path" value="C:\Users\DELL.DELL-PC\Desktop\Projekt\Kod\apache-calcite-1.10.0-src\core\target\test-classes;C:\Users\DELL.DELL-PC\Desktop\Projekt\Kod\apache-calcite-1.10.0-src\core\target\classes;C:\Users\DELL.DELL-PC\.m2\repository\org\apache\calcite\avatica\avatica\1.8.0\avatica-1.8.0.jar;C:\Users\DELL.DELL-PC\.m2\repository\org\apache\calcite\avatica\avatica-metrics\1.8.0\avatica-metrics-1.8.0.jar;C:\Users\DELL.DELL-PC\.m2\repository\com\fasterxml\jackson\core\jackson-core\2.6.3\jackson-core-2.6.3.jar;C:\Users\DELL.DELL-PC\.m2\repository\com\fasterxml\jackson\core\jackson-annotations\2.6.3\jackson-annotations-2.6.3.jar;C:\Users\DELL.DELL-PC\.m2\repository\com\fasterxml\jackson\core\jackson-databind\2.6.3\jackson-databind-2.6.3.jar;C:\Users\DELL.DELL-PC\.m2\repository\com\google\protobuf\protobuf-java\3.0.0-beta-1\protobuf-java-3.0.0-beta-1.jar;C:\Users\DELL.DELL-PC\.m2\repository\org\apache\httpcomponents\httpclient\4.5.2\httpclient-4.5.2.jar;C:\Users\DELL.DELL-PC\.m2\repository\commons-codec\commons-codec\1.9\commons-codec-1.9.jar;C:\Users\DELL.DELL-PC\.m2\repository\org\apache\httpcomponents\httpcore\4.4.4\httpcore-4.4.4.jar;C:\Users\DELL.DELL-PC\Desktop\Projekt\Kod\apache-calcite-1.10.0-src\linq4j\target\classes;C:\Users\DELL.DELL-PC\.m2\repository\org\apache\calcite\avatica\avatica-server\1.8.0\avatica-server-1.8.0.jar;C:\Users\DELL.DELL-PC\.m2\repository\javax\servlet\javax.servlet-api\3.0.1\javax.servlet-api-3.0.1.jar;C:\Users\DELL.DELL-PC\.m2\repository\org\eclipse\jetty\jetty-security\9.2.15.v20160210\jetty-security-9.2.15.v20160210.jar;C:\Users\DELL.DELL-PC\.m2\repository\org\eclipse\jetty\jetty-server\9.2.15.v20160210\jetty-server-9.2.15.v20160210.jar;C:\Users\DELL.DELL-PC\.m2\repository\org\eclipse\jetty\jetty-http\9.2.15.v20160210\jetty-http-9.2.15.v20160210.jar;C:\Users\DELL.DELL-PC\.m2\repository\org\eclipse\jetty\jetty-io\9.2.15.v20160210\jetty-io-9.2.15.v20160210.jar;C:\Users\DELL.DELL-PC\.m2\repository\org\eclipse\jetty\jetty-util\9.2.15.v20160210\jetty-util-9.2.15.v20160210.jar;C:\Users\DELL.DELL-PC\.m2\repository\commons-dbcp\commons-dbcp\1.4\commons-dbcp-1.4.jar;C:\Users\DELL.DELL-PC\.m2\repository\commons-pool\commons-pool\1.5.4\commons-pool-1.5.4.jar;C:\Users\DELL.DELL-PC\.m2\repository\org\apache\commons\commons-lang3\3.2\commons-lang3-3.2.jar;C:\Users\DELL.DELL-PC\.m2\repository\com\google\code\findbugs\jsr305\1.3.9\jsr305-1.3.9.jar;C:\Users\DELL.DELL-PC\.m2\repository\com\google\guava\guava\18.0\guava-18.0.jar;C:\Users\DELL.DELL-PC\.m2\repository\com\h2database\h2\1.4.185\h2-1.4.185.jar;C:\Users\DELL.DELL-PC\.m2\repository\junit\junit\4.12\junit-4.12.jar;C:\Users\DELL.DELL-PC\.m2\repository\mysql\mysql-connector-java\5.1.20\mysql-connector-java-5.1.20.jar;C:\Users\DELL.DELL-PC\.m2\repository\net\hydromatic\eigenbase-properties\1.1.5\eigenbase-properties-1.1.5.jar;C:\Users\DELL.DELL-PC\.m2\repository\net\hydromatic\foodmart-data-hsqldb\0.3\foodmart-data-hsqldb-0.3.jar;C:\Users\DELL.DELL-PC\.m2\repository\net\hydromatic\foodmart-queries\0.4.1\foodmart-queries-0.4.1.jar;C:\Users\DELL.DELL-PC\.m2\repository\net\hydromatic\quidem\0.7\quidem-0.7.jar;C:\Users\DELL.DELL-PC\.m2\repository\net\hydromatic\scott-data-hsqldb\0.1\scott-data-hsqldb-0.1.jar;C:\Users\DELL.DELL-PC\.m2\repository\org\codehaus\janino\janino\2.7.6\janino-2.7.6.jar;C:\Users\DELL.DELL-PC\.m2\repository\org\codehaus\janino\commons-compiler\2.7.6\commons-compiler-2.7.6.jar;C:\Users\DELL.DELL-PC\.m2\repository\org\hsqldb\hsqldb\2.3.1\hsqldb-2.3.1.jar;C:\Users\DELL.DELL-PC\.m2\repository\org\incava\java-diff\1.1\java-diff-1.1.jar;C:\Users\DELL.DELL-PC\.m2\repository\org\hamcrest\hamcrest-core\1.3\hamcrest-core-1.3.jar;C:\Users\DELL.DELL-PC\.m2\repository\org\pentaho\pentaho-aggdesigner-algorithm\5.1.5-jhyde\pentaho-aggdesigner-algorithm-5.1.5-jhyde.jar;C:\Users\DELL.DELL-PC\.m2\repository\commons-lang\commons-lang\2.4\commons-lang-2.4.jar;C:\Users\DELL.DELL-PC\.m2\repository\commons-logging\commons-logging\1.1.3\commons-logging-1.1.3.jar;C:\Users\DELL.DELL-PC\.m2\repository\org\postgresql\postgresql\9.3-1102-jdbc3\postgresql-9.3-1102-jdbc3.jar;C:\Users\DELL.DELL-PC\.m2\repository\org\slf4j\slf4j-api\1.7.13\slf4j-api-1.7.13.jar;C:\Users\DELL.DELL-PC\.m2\repository\org\slf4j\slf4j-log4j12\1.7.13\slf4j-log4j12-1.7.13.jar;C:\Users\DELL.DELL-PC\.m2\repository\log4j\log4j\1.2.17\log4j-1.2.17.jar;C:\Users\DELL.DELL-PC\.m2\repository\sqlline\sqlline\1.1.9\sqlline-1.1.9.jar;C:\Users\DELL.DELL-PC\.m2\repository\jline\jline\2.10\jline-2.10.jar;C:\Users\DELL.DELL-PC\.m2\repository\com\vividsolutions\jts\1.11\jts-1.11.jar;C:\Users\DELL.DELL-PC\.m2\repository\xerces\xercesImpl\2.9.1\xercesImpl-2.9.1.jar;C:\Users\DELL.DELL-PC\.m2\repository\xml-apis\xml-apis\1.3.04\xml-apis-1.3.04.jar;"/>
    <property name="java.specification.name" value="Java Platform API Specification"/>
    <property name="java.class.version" value="52.0"/>
    <property name="sun.management.compiler" value="HotSpot 64-Bit Tiered Compilers"/>
    <property name="os.version" value="6.1"/>
    <property name="user.home" value="C:\Users\DELL.DELL-PC"/>
    <property name="user.timezone" value="Europe/Belgrade"/>
    <property name="java.awt.printerjob" value="sun.awt.windows.WPrinterJob"/>
    <property name="java.specification.version" value="1.8"/>
    <property name="file.encoding" value="Cp1250"/>
    <property name="user.name" value="DELL"/>
    <property name="java.class.path" value="/C:/Users/DELL.DELL-PC/Desktop/eclipse/plugins/org.eclipse.m2e.maven.runtime_1.6.2.20150902-0001/jars/plexus-classworlds-2.5.2.jar"/>
    <property name="maven.surefire.debug" value="true"/>
    <property name="java.vm.specification.version" value="1.8"/>
    <property name="sun.arch.data.model" value="64"/>
    <property name="java.home" value="C:\Program Files\Java\jdk1.8.0_111\jre"/>
    <property name="sun.java.command" value="org.codehaus.plexus.classworlds.launcher.Launcher -DforkCount=0 -B -Dmaven.surefire.debug test"/>
    <property name="java.specification.vendor" value="Oracle Corporation"/>
    <property name="user.language" value="en"/>
    <property name="user.language.format" value="hr"/>
    <property name="awt.toolkit" value="sun.awt.windows.WToolkit"/>
    <property name="java.vm.info" value="mixed mode"/>
    <property name="java.version" value="1.8.0_111"/>
    <property name="java.ext.dirs" value="C:\Program Files\Java\jdk1.8.0_111\jre\lib\ext;C:\Windows\Sun\Java\lib\ext"/>
    <property name="sun.boot.class.path" value="C:\Program Files\Java\jdk1.8.0_111\jre\lib\resources.jar;C:\Program Files\Java\jdk1.8.0_111\jre\lib\rt.jar;C:\Program Files\Java\jdk1.8.0_111\jre\lib\sunrsasign.jar;C:\Program Files\Java\jdk1.8.0_111\jre\lib\jsse.jar;C:\Program Files\Java\jdk1.8.0_111\jre\lib\jce.jar;C:\Program Files\Java\jdk1.8.0_111\jre\lib\charsets.jar;C:\Program Files\Java\jdk1.8.0_111\jre\lib\jfr.jar;C:\Program Files\Java\jdk1.8.0_111\jre\classes"/>
    <property name="java.vendor" value="Oracle Corporation"/>
    <property name="maven.home" value="C:\Users\DELL.DELL-PC\Desktop\Projekt\Kod\apache-calcite-1.10.0-src\EMBEDDED"/>
    <property name="localRepository" value="C:\Users\DELL.DELL-PC\.m2\repository"/>
    <property name="file.separator" value="\"/>
    <property name="java.vendor.url.bug" value="http://bugreport.sun.com/bugreport/"/>
    <property name="sun.cpu.endian" value="little"/>
    <property name="sun.io.unicode.encoding" value="UnicodeLittle"/>
    <property name="sun.desktop" value="windows"/>
    <property name="sun.cpu.isalist" value="amd64"/>
  </properties>
  <testcase name="testWithInsideWhereExistsRex" classname="org.apache.calcite.test.SqlToRelConverterTest" time="0.052"/>
  <testcase name="testSampleBernoulliQuery" classname="org.apache.calcite.test.SqlToRelConverterTest" time="0.061"/>
  <testcase name="testOrderByAlias" classname="org.apache.calcite.test.SqlToRelConverterTest" time="0.039"/>
  <testcase name="testElement" classname="org.apache.calcite.test.SqlToRelConverterTest" time="0.048"/>
  <testcase name="testAggCaseInSubQuery" classname="org.apache.calcite.test.SqlToRelConverterTest" time="0.039"/>
  <testcase name="testAliasList" classname="org.apache.calcite.test.SqlToRelConverterTest" time="0.031"/>
  <testcase name="testIntegerLiteral" classname="org.apache.calcite.test.SqlToRelConverterTest" time="0.192"/>
  <testcase name="testOrderBySameExpr" classname="org.apache.calcite.test.SqlToRelConverterTest" time="0.039"/>
  <testcase name="testSampleBernoulli" classname="org.apache.calcite.test.SqlToRelConverterTest" time="0.037"/>
  <testcase name="testOffset0" classname="org.apache.calcite.test.SqlToRelConverterTest" time="0.024"/>
  <testcase name="testIsDistinctFrom" classname="org.apache.calcite.test.SqlToRelConverterTest" time="0.036"/>
  <testcase name="testDuplicateGroupingSets" classname="org.apache.calcite.test.SqlToRelConverterTest" time="0.04"/>
  <testcase name="testGroupingFunctionWithGroupBy" classname="org.apache.calcite.test.SqlToRelConverterTest" time="0.043"/>
  <testcase name="testIdenticalExpressionInSubQuery" classname="org.apache.calcite.test.SqlToRelConverterTest" time="0.029"/>
  <testcase name="testNotExistsCorrelated" classname="org.apache.calcite.test.SqlToRelConverterTest" time="0.041"/>
  <testcase name="testReferDynamicStarInSelectOB" classname="org.apache.calcite.test.SqlToRelConverterTest" time="0.067"/>
  <testcase name="testNestedCorrelations" classname="org.apache.calcite.test.SqlToRelConverterTest" time="0.05"/>
  <testcase name="testLateralDecorrelateRex" classname="org.apache.calcite.test.SqlToRelConverterTest" time="0.039"/>
  <testcase name="testNestedCorrelationsDecorrelated" classname="org.apache.calcite.test.SqlToRelConverterTest" time="0.071"/>
  <testcase name="testDeleteWhere" classname="org.apache.calcite.test.SqlToRelConverterTest" time="0.036"/>
  <testcase name="testCorrelatedSubQueryInJoin" classname="org.apache.calcite.test.SqlToRelConverterTest" time="0.038"/>
  <testcase name="testNestedAggregates" classname="org.apache.calcite.test.SqlToRelConverterTest" time="0.035"/>
  <testcase name="testJoinNaturalMultipleCommonColumn" classname="org.apache.calcite.test.SqlToRelConverterTest" time="0.027"/>
  <testcase name="testGroupingSetsCartesianProduct" classname="org.apache.calcite.test.SqlToRelConverterTest" time="0.035"/>
  <testcase name="testLateralDecorrelate" classname="org.apache.calcite.test.SqlToRelConverterTest" time="0.034"/>
  <testcase name="testHavingAggrFunctionIn" classname="org.apache.calcite.test.SqlToRelConverterTest" time="0.041"/>
  <testcase name="testStructTypeWithSelectFieldNameDotStar" classname="org.apache.calcite.test.SqlToRelConverterTest" time="0.033"/>
  <testcase name="testWindowAverageWithGroupBy" classname="org.apache.calcite.test.SqlToRelConverterTest" time="0.025"/>
  <testcase name="testExistsCorrelatedDecorrelateRex" classname="org.apache.calcite.test.SqlToRelConverterTest" time="0.029"/>
  <testcase name="testWithUnionOrder" classname="org.apache.calcite.test.SqlToRelConverterTest" time="0.032"/>
  <testcase name="testStructTypeWithSelectStar" classname="org.apache.calcite.test.SqlToRelConverterTest" time="0.027"/>
  <testcase name="testStreamGroupBy" classname="org.apache.calcite.test.SqlToRelConverterTest" time="0.038"/>
  <testcase name="testGroupingSetsCartesianProduct2" classname="org.apache.calcite.test.SqlToRelConverterTest" time="0.036"/>
  <testcase name="testCorrelationNotExistsAndFilter" classname="org.apache.calcite.test.SqlToRelConverterTest" time="0.052"/>
  <testcase name="testMultisetOfColumns" classname="org.apache.calcite.test.SqlToRelConverterTest" time="0.041"/>
  <testcase name="testJoinOnExpression" classname="org.apache.calcite.test.SqlToRelConverterTest" time="0.036"/>
  <testcase name="testWhereInCorrelated" classname="org.apache.calcite.test.SqlToRelConverterTest" time="0.039"/>
  <testcase name="testOverAvg" classname="org.apache.calcite.test.SqlToRelConverterTest" time="0.034"/>
  <testcase name="testOrderByAliasOverrides" classname="org.apache.calcite.test.SqlToRelConverterTest" time="0.03"/>
  <testcase name="testJoinNatural" classname="org.apache.calcite.test.SqlToRelConverterTest" time="0.028"/>
  <testcase name="testCollectionTableWithCursorParam" classname="org.apache.calcite.test.SqlToRelConverterTest" time="0.031"/>
  <testcase name="testDynamicStarInTableJoin" classname="org.apache.calcite.test.SqlToRelConverterTest" time="0.031"/>
  <testcase name="testOrderByOrdinalDesc" classname="org.apache.calcite.test.SqlToRelConverterTest" time="0.059"/>
  <testcase name="testCorrelationExistsAndFilter" classname="org.apache.calcite.test.SqlToRelConverterTest" time="0.062"/>
  <testcase name="testUpdateWhere" classname="org.apache.calcite.test.SqlToRelConverterTest" time="0.035"/>
  <testcase name="testOverCountStar" classname="org.apache.calcite.test.SqlToRelConverterTest" time="0.042"/>
  <testcase name="testFetch" classname="org.apache.calcite.test.SqlToRelConverterTest" time="0.038"/>
  <testcase name="testGroup" classname="org.apache.calcite.test.SqlToRelConverterTest" time="0.029"/>
  <testcase name="testLarge" classname="org.apache.calcite.test.SqlToRelConverterTest" time="2.084"/>
  <testcase name="testMerge" classname="org.apache.calcite.test.SqlToRelConverterTest" time="0">
    <skipped message="CALCITE-985"/>
  </testcase>
  <testcase name="testValuesUsing" classname="org.apache.calcite.test.SqlToRelConverterTest" time="0.053"/>
  <testcase name="testOrder" classname="org.apache.calcite.test.SqlToRelConverterTest" time="0.028"/>
  <testcase name="testUnion" classname="org.apache.calcite.test.SqlToRelConverterTest" time="0.036"/>
  <testcase name="testOrderByAliasDoesNotOverride" classname="org.apache.calcite.test.SqlToRelConverterTest" time="0"/>
  <testcase name="testCase" classname="org.apache.calcite.test.SqlToRelConverterTest" time="0.038"/>
  <testcase name="testCube" classname="org.apache.calcite.test.SqlToRelConverterTest" time="0.039"/>
  <testcase name="testWith" classname="org.apache.calcite.test.SqlToRelConverterTest" time="0.029"/>
  <testcase name="testCorrelatedSubQueryInAggregate" classname="org.apache.calcite.test.SqlToRelConverterTest" time="0.041"/>
  <testcase name="testGrpByColFromStarInSubQuery" classname="org.apache.calcite.test.SqlToRelConverterTest" time="0.043"/>
  <testcase name="testExistsCorrelated" classname="org.apache.calcite.test.SqlToRelConverterTest" time="0.038"/>
  <testcase name="testNotInUncorrelatedSubQueryInSelectRex" classname="org.apache.calcite.test.SqlToRelConverterTest" time="0.035"/>
  <testcase name="testOverMultiple" classname="org.apache.calcite.test.SqlToRelConverterTest" time="0.055"/>
  <testcase name="testIntervalLiteralYearToMonth" classname="org.apache.calcite.test.SqlToRelConverterTest" time="0.039"/>
  <testcase name="testCorrelationJoin" classname="org.apache.calcite.test.SqlToRelConverterTest" time="0.045"/>
  <testcase name="testNotInUncorrelatedSubQueryRex" classname="org.apache.calcite.test.SqlToRelConverterTest" time="0.034"/>
  <testcase name="testJoinUsingCompound" classname="org.apache.calcite.test.SqlToRelConverterTest" time="0.03"/>
  <testcase name="testStreamWindowedAggregation" classname="org.apache.calcite.test.SqlToRelConverterTest" time="0.04"/>
  <testcase name="testExistsCorrelatedLimit" classname="org.apache.calcite.test.SqlToRelConverterTest" time="0.042"/>
  <testcase name="testTableExtend" classname="org.apache.calcite.test.SqlToRelConverterTest" time="0.036"/>
  <testcase name="testIntervalLiteralHourToMinute" classname="org.apache.calcite.test.SqlToRelConverterTest" time="0.038"/>
  <testcase name="testExplicitTable" classname="org.apache.calcite.test.SqlToRelConverterTest" time="0.031"/>
  <testcase name="testNestedCorrelationsDecorrelatedRex" classname="org.apache.calcite.test.SqlToRelConverterTest" time="0.064"/>
  <testcase name="testUncorrelatedScalarSubQueryInGroupOrderRex" classname="org.apache.calcite.test.SqlToRelConverterTest" time="0.041"/>
  <testcase name="testJoinOnIn" classname="org.apache.calcite.test.SqlToRelConverterTest" time="0.035"/>
  <testcase name="testUncorrelatedScalarSubQueryInOrderRex" classname="org.apache.calcite.test.SqlToRelConverterTest" time="0.031"/>
  <testcase name="testGroupingFunction" classname="org.apache.calcite.test.SqlToRelConverterTest" time="0.034"/>
  <testcase name="testJoinUnnestRex" classname="org.apache.calcite.test.SqlToRelConverterTest" time="0.077"/>
  <testcase name="testSelectStarFromDynamicTable" classname="org.apache.calcite.test.SqlToRelConverterTest" time="0.036"/>
  <testcase name="testGroupingSetsWith" classname="org.apache.calcite.test.SqlToRelConverterTest" time="0.043"/>
  <testcase name="testConditionOffByOneReversed" classname="org.apache.calcite.test.SqlToRelConverterTest" time="0.039"/>
  <testcase name="testStructType" classname="org.apache.calcite.test.SqlToRelConverterTest" time="0.033"/>
  <testcase name="testGroupByWithDuplicates" classname="org.apache.calcite.test.SqlToRelConverterTest" time="0.03"/>
  <testcase name="testSampleQuery" classname="org.apache.calcite.test.SqlToRelConverterTest" time="0.046"/>
  <testcase name="testLateral" classname="org.apache.calcite.test.SqlToRelConverterTest" time="0.041"/>
  <testcase name="testAggFilter" classname="org.apache.calcite.test.SqlToRelConverterTest" time="0.042"/>
  <testcase name="testGroupBug281" classname="org.apache.calcite.test.SqlToRelConverterTest" time="0.036"/>
  <testcase name="testElementInValues" classname="org.apache.calcite.test.SqlToRelConverterTest" time="0.038"/>
  <testcase name="testSubQueryAggregateFunctionFollowedBySimpleOperation" classname="org.apache.calcite.test.SqlToRelConverterTest" time="0.042"/>
  <testcase name="testUnnestSubQuery" classname="org.apache.calcite.test.SqlToRelConverterTest" time="0.025"/>
  <testcase name="testNotInUncorrelatedSubQuery" classname="org.apache.calcite.test.SqlToRelConverterTest" time="0.03"/>
  <testcase name="testOrderByOrdinalInExpr" classname="org.apache.calcite.test.SqlToRelConverterTest" time="0.028"/>
  <testcase name="testOrderDistinct" classname="org.apache.calcite.test.SqlToRelConverterTest" time="0.029"/>
  <testcase name="testSampleSystemQuery" classname="org.apache.calcite.test.SqlToRelConverterTest" time="0.047"/>
  <testcase name="testDynamicStarInJoinAndSubQ" classname="org.apache.calcite.test.SqlToRelConverterTest" time="0.037"/>
  <testcase name="testNotInUncorrelatedSubQueryInSelect" classname="org.apache.calcite.test.SqlToRelConverterTest" time="0.034"/>
  <testcase name="testUnionInFrom" classname="org.apache.calcite.test.SqlToRelConverterTest" time="0.031"/>
  <testcase name="testCollectionTableWithLateral2" classname="org.apache.calcite.test.SqlToRelConverterTest" time="0.028"/>
  <testcase name="testWindowAggWithGroupByAndJoin" classname="org.apache.calcite.test.SqlToRelConverterTest" time="0.05"/>
  <testcase name="testOrderByNegativeOrdinal" classname="org.apache.calcite.test.SqlToRelConverterTest" time="4.428"/>
  <testcase name="testUnionSubQuery" classname="org.apache.calcite.test.SqlToRelConverterTest" time="0.037"/>
  <testcase name="testCharLength" classname="org.apache.calcite.test.SqlToRelConverterTest" time="0.027"/>
  <testcase name="testStarJoinStaticDynTable" classname="org.apache.calcite.test.SqlToRelConverterTest" time="0.027"/>
  <testcase name="testInValueListShort" classname="org.apache.calcite.test.SqlToRelConverterTest" time="0.027"/>
  <testcase name="testSelectDistinct" classname="org.apache.calcite.test.SqlToRelConverterTest" time="0.025"/>
  <testcase name="testOrderGroup" classname="org.apache.calcite.test.SqlToRelConverterTest" time="0.033"/>
  <testcase name="testOrderUnion" classname="org.apache.calcite.test.SqlToRelConverterTest" time="0.216"/>
  <testcase name="testOrderOffsetFetch" classname="org.apache.calcite.test.SqlToRelConverterTest" time="0.024"/>
  <testcase name="testAggregateNoGroup" classname="org.apache.calcite.test.SqlToRelConverterTest" time="0.023"/>
  <testcase name="testSortWithTrim" classname="org.apache.calcite.test.SqlToRelConverterTest" time="0.036"/>
  <testcase name="testSelStarOrderBy" classname="org.apache.calcite.test.SqlToRelConverterTest" time="0.026"/>
  <testcase name="testRollupSimple" classname="org.apache.calcite.test.SqlToRelConverterTest" time="0.036"/>
  <testcase name="testWithInsideWhereExists" classname="org.apache.calcite.test.SqlToRelConverterTest" time="0.037"/>
  <testcase name="testJoinUsing" classname="org.apache.calcite.test.SqlToRelConverterTest" time="0.023"/>
  <testcase name="testAggCaseSubQuery" classname="org.apache.calcite.test.SqlToRelConverterTest" time="0.027"/>
  <testcase name="testRollupTuples" classname="org.apache.calcite.test.SqlToRelConverterTest" time="0.028"/>
  <testcase name="testUnionValues" classname="org.apache.calcite.test.SqlToRelConverterTest" time="0.033"/>
  <testcase name="testOverOrderFollowingWindow" classname="org.apache.calcite.test.SqlToRelConverterTest" time="0.057"/>
  <testcase name="testInsertView" classname="org.apache.calcite.test.SqlToRelConverterTest" time="0.047"/>
  <testcase name="testCorrelationScalarAggAndFilterRex" classname="org.apache.calcite.test.SqlToRelConverterTest" time="0.041"/>
  <testcase name="testCollectionTableWithLateral" classname="org.apache.calcite.test.SqlToRelConverterTest" time="0.028"/>
  <testcase name="testInUncorrelatedSubQueryRex" classname="org.apache.calcite.test.SqlToRelConverterTest" time="0.024"/>
  <testcase name="testWithInsideWhereExistsDecorrelate" classname="org.apache.calcite.test.SqlToRelConverterTest" time="0.041"/>
  <testcase name="testCountNoGroup" classname="org.apache.calcite.test.SqlToRelConverterTest" time="0.03"/>
  <testcase name="testOrderUnionOrdinal" classname="org.apache.calcite.test.SqlToRelConverterTest" time="0.027"/>
  <testcase name="testUnionAll" classname="org.apache.calcite.test.SqlToRelConverterTest" time="0.024"/>
  <testcase name="testHavingInSubQueryWithAggrFunction" classname="org.apache.calcite.test.SqlToRelConverterTest" time="0.027"/>
  <testcase name="testUnnestArray" classname="org.apache.calcite.test.SqlToRelConverterTest" time="0.024"/>
  <testcase name="testOrderByOver" classname="org.apache.calcite.test.SqlToRelConverterTest" time="0.028"/>
  <testcase name="testInToSemiJoin" classname="org.apache.calcite.test.SqlToRelConverterTest" time="0.058"/>
  <testcase name="testOrderUnionExprs" classname="org.apache.calcite.test.SqlToRelConverterTest" time="0.027"/>
  <testcase name="testGroupAlias" classname="org.apache.calcite.test.SqlToRelConverterTest" time="0.036"/>
  <testcase name="testGroupEmpty" classname="org.apache.calcite.test.SqlToRelConverterTest" time="0.031"/>
  <testcase name="testAggregateAndScalarSubQueryInHaving" classname="org.apache.calcite.test.SqlToRelConverterTest" time="0.036"/>
  <testcase name="testOffsetFetch" classname="org.apache.calcite.test.SqlToRelConverterTest" time="0.027"/>
  <testcase name="testConditionOffByOne" classname="org.apache.calcite.test.SqlToRelConverterTest" time="0.028"/>
  <testcase name="testJoinNaturalNoCommonColumn" classname="org.apache.calcite.test.SqlToRelConverterTest" time="0.026"/>
  <testcase name="testGroupByCaseIn" classname="org.apache.calcite.test.SqlToRelConverterTest" time="0.038"/>
  <testcase name="testExistsCorrelatedLimitDecorrelateRex" classname="org.apache.calcite.test.SqlToRelConverterTest" time="0.029"/>
  <testcase name="testJoinOnExists" classname="org.apache.calcite.test.SqlToRelConverterTest" time="0.035"/>
  <testcase name="testStructType2" classname="org.apache.calcite.test.SqlToRelConverterTest" time="0.031"/>
  <testcase name="testStructType3" classname="org.apache.calcite.test.SqlToRelConverterTest" time="0.038"/>
  <testcase name="testStructType4" classname="org.apache.calcite.test.SqlToRelConverterTest" time="0.034"/>
  <testcase name="testSelectFromDynamicTable" classname="org.apache.calcite.test.SqlToRelConverterTest" time="0.024"/>
  <testcase name="testWithInsideWhereExistsDecorrelateRex" classname="org.apache.calcite.test.SqlToRelConverterTest" time="0.044"/>
  <testcase name="testExistsCorrelatedDecorrelate" classname="org.apache.calcite.test.SqlToRelConverterTest" time="0.042"/>
  <testcase name="testInValueListLong" classname="org.apache.calcite.test.SqlToRelConverterTest" time="0.036"/>
  <testcase name="testWindowAggWithGroupByAndHaving" classname="org.apache.calcite.test.SqlToRelConverterTest" time="0.047"/>
  <testcase name="testJoinUnnest" classname="org.apache.calcite.test.SqlToRelConverterTest" time="0.042"/>
  <testcase name="testAggregateAndScalarSubQueryInSelect" classname="org.apache.calcite.test.SqlToRelConverterTest" time="0.049"/>
  <testcase name="testCollectionTable" classname="org.apache.calcite.test.SqlToRelConverterTest" time="0.036"/>
  <testcase name="testNotInUncorrelatedSubQueryInSelectNotNull" classname="org.apache.calcite.test.SqlToRelConverterTest" time="4.507"/>
  <testcase name="testGroupBug281b" classname="org.apache.calcite.test.SqlToRelConverterTest" time="0.038"/>
  <testcase name="testUnnestWithOrdinality" classname="org.apache.calcite.test.SqlToRelConverterTest" time="0.036"/>
  <testcase name="testCorrelationScalarAggAndFilter" classname="org.apache.calcite.test.SqlToRelConverterTest" time="0.058"/>
  <testcase name="testGroupingSets" classname="org.apache.calcite.test.SqlToRelConverterTest" time="0.03"/>
  <testcase name="testSubQueryValues" classname="org.apache.calcite.test.SqlToRelConverterTest" time="0.026"/>
  <testcase name="testUnnestSelectRex" classname="org.apache.calcite.test.SqlToRelConverterTest" time="0.033"/>
  <testcase name="testJoinWithUnion" classname="org.apache.calcite.test.SqlToRelConverterTest" time="0.037"/>
  <testcase name="testAggScalarSubQuery" classname="org.apache.calcite.test.SqlToRelConverterTest" time="0.038"/>
  <testcase name="testInUncorrelatedSubQuery" classname="org.apache.calcite.test.SqlToRelConverterTest" time="0.038"/>
  <testcase name="testWindowAggWithGroupBy" classname="org.apache.calcite.test.SqlToRelConverterTest" time="0.043"/>
  <testcase name="testSampleSystem" classname="org.apache.calcite.test.SqlToRelConverterTest" time="0.036"/>
  <testcase name="testAggNoDuplicateColumnNames" classname="org.apache.calcite.test.SqlToRelConverterTest" time="0.037"/>
  <testcase name="testJoinUsingThreeWay" classname="org.apache.calcite.test.SqlToRelConverterTest" time="0.04"/>
  <testcase name="testNotInUncorrelatedSubQueryInSelectNotNullRex" classname="org.apache.calcite.test.SqlToRelConverterTest" time="0.039"/>
  <testcase name="testDynStarInExistSubQ" classname="org.apache.calcite.test.SqlToRelConverterTest" time="0.039"/>
  <testcase name="testAggDistinct" classname="org.apache.calcite.test.SqlToRelConverterTest" time="0.038"/>
  <testcase name="testOverAvg2" classname="org.apache.calcite.test.SqlToRelConverterTest" time="0.043"/>
  <testcase name="testOrderByIdenticalExpr" classname="org.apache.calcite.test.SqlToRelConverterTest" time="0.026"/>
  <testcase name="testWithInsideScalarSubQuery" classname="org.apache.calcite.test.SqlToRelConverterTest" time="0.032"/>
  <testcase name="testDelete" classname="org.apache.calcite.test.SqlToRelConverterTest" time="0.033"/>
  <testcase name="testInterval" classname="org.apache.calcite.test.SqlToRelConverterTest" time="0.001"/>
  <testcase name="testExplainAsXml" classname="org.apache.calcite.test.SqlToRelConverterTest" time="0.006"/>
  <testcase name="testGroupingSetsProduct" classname="org.apache.calcite.test.SqlToRelConverterTest" time="0.048"/>
  <testcase name="testExists" classname="org.apache.calcite.test.SqlToRelConverterTest" time="0.038"/>
  <testcase name="testSelectDistinctDup" classname="org.apache.calcite.test.SqlToRelConverterTest" time="0.04"/>
  <testcase name="testGroupByExpression" classname="org.apache.calcite.test.SqlToRelConverterTest" time="0.032"/>
  <testcase name="testMultiAnd" classname="org.apache.calcite.test.SqlToRelConverterTest" time="0.033"/>
  <testcase name="testMultiset" classname="org.apache.calcite.test.SqlToRelConverterTest" time="0.029"/>
  <testcase name="testInUncorrelatedSubQueryInSelectRex" classname="org.apache.calcite.test.SqlToRelConverterTest" time="0.036"/>
  <testcase name="testCorrelationExistsAndFilterRex" classname="org.apache.calcite.test.SqlToRelConverterTest" time="0.06"/>
  <testcase name="testHaving" classname="org.apache.calcite.test.SqlToRelConverterTest" time="0.038"/>
  <testcase name="testGroupJustOneAgg" classname="org.apache.calcite.test.SqlToRelConverterTest" time="0.029"/>
  <testcase name="testIsNotDistinctFrom" classname="org.apache.calcite.test.SqlToRelConverterTest" time="0.036"/>
  <testcase name="testInsert" classname="org.apache.calcite.test.SqlToRelConverterTest" time="0.029"/>
  <testcase name="testFakeStar" classname="org.apache.calcite.test.SqlToRelConverterTest" time="0.065"/>
  <testcase name="testOrderByAliasInExpr" classname="org.apache.calcite.test.SqlToRelConverterTest" time="0.094"/>
  <testcase name="testJoinOn" classname="org.apache.calcite.test.SqlToRelConverterTest" time="0.103"/>
  <testcase name="testCorrelationJoinRex" classname="org.apache.calcite.test.SqlToRelConverterTest" time="0.07"/>
  <testcase name="testOverOrderWindow" classname="org.apache.calcite.test.SqlToRelConverterTest" time="0.138"/>
  <testcase name="testOrderDescNullsLast" classname="org.apache.calcite.test.SqlToRelConverterTest" time="0.095"/>
  <testcase name="testWithAlias" classname="org.apache.calcite.test.SqlToRelConverterTest" time="0.127"/>
  <testcase name="testMultisetSubQuery" classname="org.apache.calcite.test.SqlToRelConverterTest" time="0.061"/>
  <testcase name="testExistsCorrelatedLimitDecorrelate" classname="org.apache.calcite.test.SqlToRelConverterTest" time="0.125"/>
  <testcase name="testWithOrder" classname="org.apache.calcite.test.SqlToRelConverterTest" time="0.156"/>
  <testcase name="testSingletonGroupingSet" classname="org.apache.calcite.test.SqlToRelConverterTest" time="0.064"/>
  <testcase name="testWithUnion" classname="org.apache.calcite.test.SqlToRelConverterTest" time="0.149"/>
  <testcase name="testSelectWithoutFrom" classname="org.apache.calcite.test.SqlToRelConverterTest" time="0.207"/>
  <testcase name="testOffset" classname="org.apache.calcite.test.SqlToRelConverterTest" time="0.064"/>
  <testcase name="testAliasList2" classname="org.apache.calcite.test.SqlToRelConverterTest" time="0.267"/>
  <testcase name="testWithInsideScalarSubQueryRex" classname="org.apache.calcite.test.SqlToRelConverterTest" time="0.135"/>
  <testcase name="testRollup" classname="org.apache.calcite.test.SqlToRelConverterTest" time="0.144"/>
  <testcase name="testSample" classname="org.apache.calcite.test.SqlToRelConverterTest" time="0.256"/>
  <testcase name="testStream" classname="org.apache.calcite.test.SqlToRelConverterTest" time="0.12"/>
  <testcase name="testReferDynamicStarInSelectWhereGB" classname="org.apache.calcite.test.SqlToRelConverterTest" time="0.287"/>
  <testcase name="testNotLike" classname="org.apache.calcite.test.SqlToRelConverterTest" time="0.063"/>
  <testcase name="testUnnestSelect" classname="org.apache.calcite.test.SqlToRelConverterTest" time="0.111"/>
  <testcase name="testInUncorrelatedSubQueryInSelect" classname="org.apache.calcite.test.SqlToRelConverterTest" time="0.256"/>
  <testcase name="testUnnest" classname="org.apache.calcite.test.SqlToRelConverterTest" time="0.137"/>
  <testcase name="testUpdate" classname="org.apache.calcite.test.SqlToRelConverterTest" time="0.115"/>
  <testcase name="testInUncorrelatedSubQueryInHavingRex" classname="org.apache.calcite.test.SqlToRelConverterTest" time="0.291"/>
  <testcase name="testGroupByCaseSubQuery" classname="org.apache.calcite.test.SqlToRelConverterTest" time="0.151"/>
  <testcase name="testUpdateSubQuery" classname="org.apache.calcite.test.SqlToRelConverterTest" time="0.119"/>
  <testcase name="testSelectDistinctGroup" classname="org.apache.calcite.test.SqlToRelConverterTest" time="0.278"/>
  <testcase name="testCompositeInUncorrelatedSubQueryRex" classname="org.apache.calcite.test.SqlToRelConverterTest" time="0.089"/>
  <testcase name="testSelectView" classname="org.apache.calcite.test.SqlToRelConverterTest" time="0.309"/>
  <testcase name="testUncorrelatedScalarSubQueryInAggregateRex" classname="org.apache.calcite.test.SqlToRelConverterTest" time="0.109"/>
  <testcase name="testGroupExpressionsInsideAndOut" classname="org.apache.calcite.test.SqlToRelConverterTest" time="0.131"/>
  <testcase name="testDuplicateColumnsInSubQuery" classname="org.apache.calcite.test.SqlToRelConverterTest" time="0.287"/>
  <testcase name="testMultisetOfColumnsRex" classname="org.apache.calcite.test.SqlToRelConverterTest" time="0.193"/>
  <testcase name="testJoinOnInSubQuery" classname="org.apache.calcite.test.SqlToRelConverterTest" time="0.225"/>
  <testcase name="testSubQueryLimitOne" classname="org.apache.calcite.test.SqlToRelConverterTest" time="0.116"/>
  <testcase name="testWindowAggInSubQueryJoin" classname="org.apache.calcite.test.SqlToRelConverterTest" time="0.188"/>
</testsuite>